###############################################################################
#                                                                             #
# HP-41 RPN compiler                                    01/Feb/2014  15:52:59 #
#                                                                             #
# Command Line: -I../module-descriptor about.rpn                              #
#                                                                             #
###############################################################################

0000   0000                      SECTION FAT
0000   0000 ......               FATRPN  "ABOUT"
0000   0000                      SECTION RPN
0000   0000 007270               ;; COPY header
0003   0002 1c6000            01 LBL "ABOUT"
0003   0004 0f6000
0003   0006 041042
0003   0008 04f055
0003   000a 054
0004   000b 1fe043            02 "COPYRIGHT 2014"
0004   000d 04f050
0004   000f 059052
0004   0011 049047
0004   0013 048054
0004   0015 020032
0004   0017 030031
0004   0019 034
0005   001a 17e               03 AVIEW
0006   001b 189               04 PSE
0007   001c 189               05 PSE
0008   001d 1fe054            06 "TODD W DECKARD"
0008   001f 04f044
0008   0021 044020
0008   0023 057020
0008   0025 044045
0008   0027 04304b
0008   0029 041052
0008   002b 044
0009   002c 17e               07 AVIEW
0010   002d 189               08 PSE
0011   002e 189               09 PSE
0012   002f 185               10 RTN
0013   0030 1c8006            11 END
0013   0032 22f
