# Memory: Page

0001   0000        ;;; Assembler code needed to describe an RPN module
0002   0000
0003   0000                      section HEADER
0004   0000 00b                  con   11              ; XROM number
0005   0001 030                  con   (fatend - fatstart) / 2
0006   0002 00e026 fatstart:     fat   header
0007   0004
0000   0004                      SECTION FAT
0000   0004 200066               FATRPN  "SLANTR"
0000   0006 2000a7               FATRPN  "HACKTO"
0000   0008 2000d1               FATRPN  "HACKOV"
0000   000a 201009               FATRPN  "HACKC1"
0000   000c 201018               FATRPN  "HACKC2"
0000   000e 201035               FATRPN  "M%"
0000   0010 20105a               FATRPN  "PREFLT"
0000   0012 20108c               FATRPN  "ALTMTR"
0000   0014 2010c9               FATRPN  "FCSTWD"
0000   0016 2010ee               FATRPN  "OUTPUT"
0000   0018 202017               FATRPN  "CATWPT"
0000   001a 20206a               FATRPN  "UPDATE"
0000   001c 203013               FATRPN  "DISPLA"
0000   001e 203087               FATRPN  "*INIPOS"
0000   0020 2030bd               FATRPN  "*CRSHDG"
0000   0022 2030f2               FATRPN  "*GCLINE"
0000   0024 204021               FATRPN  "*SIGHT"
0000   0026 20404b               FATRPN  "*GCPLOT"
0000   0028 204078               FATRPN  "*DEDREC"
0000   002a 2040ad               FATRPN  "VOR1B1"
0000   002c 2040d4               FATRPN  "VOR1B2"
0000   002e 205031               FATRPN  "VOR2B1"
0000   0030 2050c3               FATRPN  "*CLSEST"
0000   0032 20602a               FATRPN  "*MAGVAR"
0000   0034 206094               FATRPN  "*DENALT"
0000   0036 207010               FATRPN  "*SPEEDS"
0000   0038 207064               FATRPN  "ACTWND"
0000   003a 207097               FATRPN  "ENDFLT"
0000   003c                      SECTION FAT
0000   003c 2070a8               FATRPN  "RNAVFX"
0000   003e 2070b2               FATRPN  "HACKFX"
0000   0040 20800f               FATRPN  "COURSE"
0000   0042 208059               FATRPN  "WAYPTS"
0000   0044 208073               FATRPN  "FLTPLN"
0000   0046 20808d               FATRPN  "LEGPLN"
0000   0048 2080a5               FATRPN  "*WAYPTS"
0000   004a 209003               FATRPN  "FLYLEG"
0000   004c 209045               FATRPN  "SAVERG"
0000   004e 209069               FATRPN  "READRG"
0000   0050 209085               FATRPN  "SUSPND"
0000   0052 209092               FATRPN  "RESUME"
0000   0054 2090b3               FATRPN  "CATPLN"
0000   0056 2090fc               FATRPN  "DISPLY"
0000   0058 20c037               FATRPN  "RADIUS"
0000   005a 20c0ed               FATRPN  "HACKV1"
0000   005c 20d000               FATRPN  "HACKV2"
0000   005e 20d040               FATRPN  "PRGKEY"
0000   0060                      SECTION FAT
0000   0060 20d0ec               FATRPN  "ABOUT"
0008   0062                      section FATEND
0009   0062        ;;; End marker for function address table
0010   0062 000000 fatend:       con   0,0
0011   0064
0000   0064                      SECTION RPN
0000   0064 10a210               ;; COPY header
0184   0066 1c4001            01 LBL "SLANTR"
0184   0068 0f7000
0184   006a 05304c
0184   006c 04104e
0184   006e 054052
0185   0070 11a010            02 .04501
0185   0072 014015
0185   0074 010011
0186   0076 1a6072            03 CLRGX
0187   0078 1a60a1            04 CLRALMS
0188   007a 1a9000            05 CF 00
0189   007c 1a9001            06 CF 01
0190   007e 1a9002            07 CF 02
0191   0080 1a8003            08 SF 03
0192   0082 1a9004            09 CF 04
0193   0084 1a9005            10 CF 05
0194   0086 1f5054            11 "TIME?"
0194   0088 04904d
0194   008a 04503f
0195   008c 17e               12 AVIEW
0196   008d 189               13 PSE
0197   008e 187               14 CLA
0198   008f 19c004            15 FIX 04
0199   0091 1a609c            16 TIME
0200   0093 16c               17 HMS
0201   0094 1a6084            18 ATIME
0202   0096 17e               19 AVIEW
0203   0097 184               20 STOP
0204   0098 1a6097            21 SETIME
0205   009a 1e00c9            22 XEQ 26
0205   009c 09a
0206   009d 1e20f4            23 XEQ 36
0206   009f 0a4
0207   00a0 1e00a1            24 XEQ 86
0207   00a2 0d6
0208   00a3 1a609c            25 TIME
0209   00a5 132               26 STO 02
0210   00a6 185               27 RTN
0214   00a7 1c4009            28 LBL "HACKTO"
0214   00a9 0f7000
0214   00ab 048041
0214   00ad 04304b
0214   00af 05404f
0215   00b1 10b               29 LBL 10
0216   00b2 1a609c            30 TIME
0217   00b4 132               31 STO 02
0218   00b5 191016            32 STO 22
0219   00b7 191017            33 STO 23
0220   00b9 1a60a1            34 CLRALMS
0221   00bb 11a010            35 .0500
0221   00bd 015010
0221   00bf 010
0221   00c0 100                  NULL
0222   00c1 110               36 0
0223   00c2 1a609c            37 TIME
0224   00c4 11a010            38 .05
0224   00c6 015
0225   00c7 140               39 +
0226   00c8 1f405e            40 "^^M%"
0226   00ca 05e04d
0226   00cc 025
0227   00cd 1a609d            41 XYZALM
0228   00cf 186               42 BEEP
0229   00d0 185               43 RTN
0233   00d1 1c0006            44 LBL "HACKOV"
0233   00d3 0f7000
0233   00d5 048041
0233   00d7 04304b
0233   00d9 04f056
0234   00db 10d               45 LBL 12
0235   00dc 1a609c            46 TIME
0236   00de 191028            47 STO 40
0237   00e0 1f804f            48 "OVER FIX"
0237   00e2 056045
0237   00e4 052020
0237   00e6 046049
0237   00e8 058
0238   00e9 17e               49 AVIEW
0239   00ea 18c               50 AON
0240   00eb 184               51 STOP
0241   00ec 18b               52 AOFF
0242   00ed 19a018            53 ASTO 24
0243   00ef 110               54 0
0244   00f0 1a606b            55 SEEKPTA
0245   00f2 111017            56 17.018
0245   00f4 01a010
0245   00f6 011018
0246   00f8 1a6055            57 GETRX
0247   00fa 190011            58 RCL 17
0248   00fc 191014            59 STO 20
0249   00fe 190012            60 RCL 18
0250   0100 191015            61 STO 21
0251   0102 190028            62 RCL 40
0252   0104 191016            63 STO 22
0253   0106 191017            64 STO 23
0254   0108 185               65 RTN
0258   0109 1c0008            66 LBL "HACKC1"
0258   010b 0f7000
0258   010d 048041
0258   010f 04304b
0258   0111 043031
0259   0113 1a609c            67 TIME
0260   0115 19101d            68 STO 29
0261   0117 185               69 RTN
0265   0118 1c2002            70 LBL "HACKC2"
0265   011a 0f7000
0265   011c 048041
0265   011e 04304b
0265   0120 043032
0266   0122 1a609c            71 TIME
0267   0124 19001d            72 RCL 29
0268   0126 14a               73 HMS-
0269   0127 16d               74 HR
0270   0128 1f5044            75 "DIST?"
0270   012a 049053
0270   012c 05403f
0271   012e 18e               76 PROMPT
0272   012f 171               77 X<>Y
0273   0130 143               78 /
0274   0131 137               79 STO 07
0275   0132 1a8005            80 SF 05
0276   0134 185               81 RTN
0280   0135 1c2004            82 LBL "M%"
0280   0137 0f3000
0280   0139 04d025
0281   013b 1e3047            83 XEQ 38
0281   013d 0a6
0282   013e 1e0003            84 XEQ 86
0282   0140 0d6
0283   0141 185               85 RTN
0284   0142 1cf056            86 LBL 86
0285   0144 1e40f0            87 XEQ 70
0285   0146 0c6
0286   0147 1e5057            88 XEQ 62
0286   0149 0be
0287   014a 1e207d            89 XEQ 40
0287   014c 0a8
0288   014d 1e50cd            90 XEQ 42
0288   014f 0aa
0289   0150 1e407d            91 XEQ 60
0289   0152 0bc
0290   0153 1e1020            92 XEQ 34
0290   0155 0a2
0291   0156 1e00a1            93 XEQ 05
0291   0158 085
0292   0159 185               94 RTN
0298   015a 1c4005            95 LBL "PREFLT"
0298   015c 0f7000
0298   015e 050052
0298   0160 045046
0298   0162 04c054
0299   0164 1cf01a            96 LBL 26
0300   0166 1f8044            97 "DEP APT?"
0300   0168 045050
0300   016a 020041
0300   016c 050054
0300   016e 03f
0301   016f 18c               98 AON
0302   0170 184               99 STOP
0303   0171 18b              100 AOFF
0304   0172 19a000           101 ASTO 00
0305   0174 1f8044           102 "DST APT?"
0305   0176 053054
0305   0178 020041
0305   017a 050054
0305   017c 03f
0306   017d 18c              103 AON
0307   017e 184              104 STOP
0308   017f 18b              105 AOFF
0309   0180 19a001           106 ASTO 01
0310   0182 1e0013           107 XEQ 96
0310   0184 0e0
0311   0185 1e0036           108 XEQ 97
0311   0187 0e1
0312   0188 1e004a           109 XEQ 98
0312   018a 0e2
0313   018b 185              110 RTN
0314   018c 1c2007           111 LBL "ALTMTR"
0314   018e 0f7000
0314   0190 04104c
0314   0192 05404d
0314   0194 054052
0315   0196 1cf060           112 LBL 96
0316   0198 1a9002           113 CF 02
0317   019a 1fb045           114 "ENR ALTITD?"
0317   019c 04e052
0317   019e 020041
0317   01a0 04c054
0317   01a2 049054
0317   01a4 04403f
0318   01a6 18e              115 PROMPT
0319   01a7 13c              116 STO 12
0320   01a8 1f5054           117 "TEMP?"
0320   01aa 04504d
0320   01ac 05003f
0321   01ae 18e              118 PROMPT
0322   01af 13a              119 STO 10
0323   01b0 1f8041           120 "ALT SET?"
0323   01b2 04c054
0323   01b4 020053
0323   01b6 045054
0323   01b8 03f
0324   01b9 18e              121 PROMPT
0325   01ba 13b              122 STO 11
0326   01bb 185              123 RTN
0327   01bc 1cf061           124 LBL 97
0328   01be 1f7041           125 "AIRSPD?"
0328   01c0 049052
0328   01c2 053050
0328   01c4 04403f
0329   01c6 18e              126 PROMPT
0330   01c7 139              127 STO 09
0331   01c8 185              128 RTN
0332   01c9 1ca008           129 LBL "FCSTWD"
0332   01cb 0f7000
0332   01cd 046043
0332   01cf 053054
0332   01d1 057044
0333   01d3 1cf062           130 LBL 98
0334   01d5 1f9057           131 "WIND DIR?"
0334   01d7 04904e
0334   01d9 044020
0334   01db 044049
0334   01dd 05203f
0335   01df 18e              132 PROMPT
0336   01e0 13e              133 STO 14
0337   01e1 1f9057           134 "WIND SPD?"
0337   01e3 04904e
0337   01e5 044020
0337   01e7 053050
0337   01e9 04403f
0338   01eb 18e              135 PROMPT
0339   01ec 13f              136 STO 15
0340   01ed 185              137 RTN
0344   01ee 1c4005           138 LBL "OUTPUT"
0344   01f0 0f7000
0344   01f2 04f055
0344   01f4 054050
0344   01f6 055054
0345   01f8 106              139 LBL 05
0346   01f9 186              140 BEEP
0347   01fa 1f604e           141 "NAVPOS"
0347   01fc 041056
0347   01fe 05004f
0347   0200 053
0348   0201 1a9019           142 CF 25
0349   0203 110              143 0
0350   0204 1a606b           144 SEEKPTA
0351   0206 175              145 RDN
0352   0207 1a8019           146 SF 25
0353   0209 107              147 LBL 06
0354   020a 1a6054           148 GETREC
0355   020c 1ad019           149 FC? 25
0356   020e 1b8085           150 GTO 07
0357   0210 17e              151 AVIEW
0358   0211 189              152 PSE
0359   0212 189              153 PSE
0360   0213 1b700c           154 GTO 06
0361   0215 108              155 LBL 07
0362   0216 185              156 RTN
0366   0217 1cc005           157 LBL "CATWPT"
0366   0219 0f7000
0366   021b 043041
0366   021d 054057
0366   021f 050054
0367   0221 1cf01e           158 LBL 30
0368   0223 19c004           159 FIX 04
0369   0225 110              160 0
0370   0226 191028           161 STO 40
0371   0228 1a9019           162 CF 25
0372   022a 1cf01f           163 LBL 31
0373   022c 1f6057           164 "WAYPTS"
0373   022e 041059
0373   0230 050054
0373   0232 053
0374   0233 190028           165 RCL 40
0375   0235 1a606b           166 SEEKPTA
0376   0237 175              167 RDN
0377   0238 1a8019           168 SF 25
0378   023a 1a6054           169 GETREC
0379   023c 17e              170 AVIEW
0380   023d 189              171 PSE
0381   023e 1ad019           172 FC? 25
0382   0240 1d0026           173 GTO 33
0382   0242 0a1
0383   0243 110              174 0
0384   0244 1a606b           175 SEEKPTA
0385   0246 114011           176 41.042
0385   0248 01a010
0385   024a 014012
0386   024c 1a6055           177 GETRX
0387   024e 190029           178 RCL 41
0388   0250 16c              179 HMS
0389   0251 1f304c           180 "LA="
0389   0253 04103d
0390   0255 1a6085           181 ATIME24
0391   0257 17e              182 AVIEW
0392   0258 19002a           183 RCL 42
0393   025a 1f304c           184 "LO="
0393   025c 04f03d
0394   025e 1a6085           185 ATIME24
0395   0260 17e              186 AVIEW
0396   0261 111              187 1
0397   0262 192028           188 ST+ 40
0398   0264 1d003b           189 GTO 31
0398   0266 01f
0399   0267 1cf021           190 LBL 33
0400   0269 185              191 RTN
0404   026a 1cc00b           192 LBL "UPDATE"
0404   026c 0f7000
0404   026e 055050
0404   0270 044041
0404   0272 054045
0405   0274 1cf022           193 LBL 34
0406   0276 1f604e           194 "NAVPOS"
0406   0278 041056
0406   027a 05004f
0406   027c 053
0407   027d 1a8019           195 SF 25
0408   027f 19c000           196 FIX 00
0409   0281 1a605f           197 PURFL
0410   0283 111012           198 12
0411   0285 1a604a           199 CRFLAS
0412   0287 1a6044           200 APPREC
0413   0289 1f8054           201 "TIMEGMT="
0413   028b 04904d
0413   028d 045047
0413   028f 04d054
0413   0291 03d
0414   0292 19c002           202 FIX 02
0415   0294 1a609c           203 TIME
0416   0296 1a6085           204 ATIME24
0417   0298 1a6044           205 APPREC
0418   029a 125              206 RCL 05
0419   029b 127              207 RCL 07
0420   029c 143              208 /
0421   029d 19c002           209 FIX 02
0422   029f 16c              210 HMS
0423   02a0 187              211 CLA
0424   02a1 1a6084           212 ATIME
0425   02a3 1a6047           213 ATOX
0426   02a5 19a029           214 ASTO 41
0427   02a7 1f1043           215 "C"
0428   02a9 123              216 RCL 03
0429   02aa 1e004c           217 XEQ 35
0429   02ac 0a3
0430   02ad 1f207f           218 >"H"
0430   02af 048
0431   02b0 124              219 RCL 04
0432   02b1 1e0045           220 XEQ 35
0432   02b3 0a3
0433   02b4 1f207f           221 >"E"
0433   02b6 045
0434   02b7 19b029           222 ARCL 41
0435   02b9 1a6044           223 APPREC
0436   02bb 1f1049           224 "I"
0437   02bd 129              225 RCL 09
0438   02be 1e0038           226 XEQ 35
0438   02c0 0a3
0439   02c1 1f207f           227 >"T"
0439   02c3 054
0440   02c4 128              228 RCL 08
0441   02c5 1e0031           229 XEQ 35
0441   02c7 0a3
0442   02c8 1f207f           230 >"G"
0442   02ca 047
0443   02cb 127              231 RCL 07
0444   02cc 1e002a           232 XEQ 35
0444   02ce 0a3
0445   02cf 1a6044           233 APPREC
0446   02d1 1f3046           234 "FLN"
0446   02d3 04c04e
0447   02d5 126              235 RCL 06
0448   02d6 1e0020           236 XEQ 35
0448   02d8 0a3
0449   02d9 1f407f           237 >"RMG"
0449   02db 05204d
0449   02dd 047
0450   02de 125              238 RCL 05
0451   02df 1e0017           239 XEQ 35
0451   02e1 0a3
0452   02e2 1a6044           240 APPREC
0453   02e4 187              241 CLA
0454   02e5 19b025           242 ARCL 37
0455   02e7 190027           243 RCL 39
0456   02e9 1e000d           244 XEQ 35
0456   02eb 0a3
0457   02ec 1f207f           245 >"T"
0457   02ee 054
0458   02ef 190026           246 RCL 38
0459   02f1 1e0005           247 XEQ 35
0459   02f3 0a3
0460   02f4 1a6044           248 APPREC
0461   02f6 185              249 RTN
0462   02f7 1cf023           250 LBL 35
0463   02f9 19c000           251 FIX 00
0464   02fb 119019           252 99
0465   02fd 171              253 X<>Y
0466   02fe 145              254 X>Y?
0467   02ff 1d000e           255 GTO 85
0467   0301 0d5
0468   0302 1f207f           256 >"0"
0468   0304 030
0469   0305 119              257 9
0470   0306 171              258 X<>Y
0471   0307 145              259 X>Y?
0472   0308 1d0005           260 GTO 85
0472   030a 0d5
0473   030b 1f207f           261 >"0"
0473   030d 030
0474   030e 1cf055           262 LBL 85
0475   0310 19b073           263 ARCL X
0476   0312 185              264 RTN
0480   0313 1c2018           265 LBL "DISPLA"
0480   0315 0f7000
0480   0317 044049
0480   0319 053050
0480   031b 04c041
0481   031d 11a010           266 .03901
0481   031f 013019
0481   0321 010011
0482   0323 191028           267 STO 40
0483   0325 1cf02e           268 LBL 46
0484   0327 190028           269 RCL 40
0485   0329 168              270 INT
0486   032a 1e0008           271 XEQ 47
0486   032c 0af
0487   032d 196028           272 ISG 40
0488   032f 1d000b           273 GTO 46
0488   0331 02e
0489   0332 185              274 RTN
0490   0333 1cf02f           275 LBL 47
0491   0335 1f604e           276 "NAVREG"
0491   0337 041056
0491   0339 052045
0491   033b 047
0492   033c 1a606b           277 SEEKPTA
0493   033e 1a6054           278 GETREC
0494   0340 1f207f           279 >":"
0494   0342 03a
0495   0343 1900f3           280 RCL IND X
0496   0345 1a6047           281 ATOX
0497   0347 19a071           282 ASTO Z
0498   0349 171              283 X<>Y
0499   034a 19c000           284 FIX 00
0500   034c 1ae0f2           285 XEQ IND Y
0501   034e 17e              286 AVIEW
0502   034f 185              287 RTN
0503   0350 1cf030           288 LBL 48
0504   0352 19b073           289 ARCL X
0505   0354 185              290 RTN
0506   0355 1cf031           291 LBL 49
0507   0357 19b073           292 ARCL X
0508   0359 1f407f           293 >"KTS"
0508   035b 04b054
0508   035d 053
0509   035e 185              294 RTN
0510   035f 1cf032           295 LBL 50
0511   0361 19b073           296 ARCL X
0512   0363 1f407f           297 >" NM"
0512   0365 02004e
0512   0367 04d
0513   0368 185              298 RTN
0514   0369 1cf033           299 LBL 51
0515   036b 1cf034           300 LBL 52
0516   036d 1cf038           301 LBL 56
0517   036f 1cf039           302 LBL 57
0518   0371 19b073           303 ARCL X
0519   0373 185              304 RTN
0520   0374 1cf035           305 LBL 53
0521   0376 1a6087           306 CLK24
0522   0378 19c004           307 FIX 04
0523   037a 1a6084           308 ATIME
0524   037c 185              309 RTN
0525   037d 1cf036           310 LBL 54
0526   037f 1cf037           311 LBL 55
0527   0381 19c004           312 FIX 04
0528   0383 16c              313 HMS
0529   0384 1a6085           314 ATIME24
0530   0386 185              315 RTN
0536   0387 1c8010           316 LBL "*INIPOS"
0536   0389 0f8000
0536   038b 02a049
0536   038d 04e049
0536   038f 05004f
0536   0391 053
0537   0392 1cf024           317 LBL 36
0538   0394 187              318 CLA
0539   0395 19b000           319 ARCL 00
0540   0397 110              320 0
0541   0398 1a606b           321 SEEKPTA
0542   039a 113013           322 33.034
0542   039c 01a010
0542   039e 013014
0543   03a0 1a6055           323 GETRX
0544   03a2 187              324 CLA
0545   03a3 19b001           325 ARCL 01
0546   03a5 110              326 0
0547   03a6 1a606b           327 SEEKPTA
0548   03a8 113015           328 35.036
0548   03aa 01a010
0548   03ac 013016
0549   03ae 1a6055           329 GETRX
0550   03b0 190021           330 RCL 33
0551   03b2 191011           331 STO 17
0552   03b4 191014           332 STO 20
0553   03b6 190022           333 RCL 34
0554   03b8 191012           334 STO 18
0555   03ba 191015           335 STO 21
0556   03bc 185              336 RTN
0560   03bd 1ca007           337 LBL "*CRSHDG"
0560   03bf 0f8000
0560   03c1 02a043
0560   03c3 052053
0560   03c5 048044
0560   03c7 047
0561   03c8 1cf028           338 LBL 40
0562   03ca 190014           339 RCL 20
0563   03cc 191029           340 STO 41
0564   03ce 190015           341 RCL 21
0565   03d0 19102a           342 STO 42
0566   03d2 190023           343 RCL 35
0567   03d4 19102b           344 STO 43
0568   03d6 190024           345 RCL 36
0569   03d8 19102c           346 STO 44
0570   03da 1e0022           347 XEQ 74
0570   03dc 0ca
0571   03dd 19002d           348 RCL 45
0572   03df 133              349 STO 03
0573   03e0 19002e           350 RCL 46
0574   03e2 135              351 STO 05
0575   03e3 190021           352 RCL 33
0576   03e5 19102b           353 STO 43
0577   03e7 190022           354 RCL 34
0578   03e9 19102c           355 STO 44
0579   03eb 1e0011           356 XEQ 74
0579   03ed 0ca
0580   03ee 19002e           357 RCL 46
0581   03f0 136              358 STO 06
0582   03f1 185              359 RTN
0586   03f2 1c8007           360 LBL "*GCLINE"
0586   03f4 0f8000
0586   03f6 02a047
0586   03f8 04304c
0586   03fa 04904e
0586   03fc 045
0587   03fd 1cf04a           361 LBL 74
0588   03ff 19002c           362 RCL 44
0589   0401 19002a           363 RCL 42
0590   0403 141              364 -
0591   0404 190029           365 RCL 41
0592   0406 19002b           366 RCL 43
0593   0408 1e0022           367 XEQ 78
0593   040a 0ce
0594   040b 119010           368 90
0595   040d 141              369 -
0596   040e 154              370 CHS
0597   040f 116010           371 60
0598   0411 142              372 *
0599   0412 171              373 X<>Y
0600   0413 113016           374 360
0600   0415 010
0601   0416 14b              375 MOD
0602   0417 171              376 X<>Y
0603   0418 19c005           377 FIX 05
0604   041a 16e              378 RND
0605   041b 19102e           379 STO 46
0606   041d 171              380 X<>Y
0607   041e 19102d           381 STO 45
0608   0420 185              382 RTN
0612   0421 1ca006           383 LBL "*SIGHT"
0612   0423 0f7000
0612   0425 02a053
0612   0427 049047
0612   0429 048054
0613   042b 1cf04e           384 LBL 78
0614   042d 111              385 1
0615   042e 14e              386 P-R
0616   042f 174              387 R^
0617   0430 171              388 X<>Y
0618   0431 14e              389 P-R
0619   0432 174              390 R^
0620   0433 191028           391 STO 40
0621   0435 171              392 X<>Y
0622   0436 14e              393 P-R
0623   0437 1ce028           394 X<> 40
0624   0439 174              395 R^
0625   043a 14e              396 P-R
0626   043b 1ce028           397 X<> 40
0627   043d 140              398 +
0628   043e 1ce028           399 X<> 40
0629   0440 141              400 -
0630   0441 14f              401 R-P
0631   0442 175              402 RDN
0632   0443 111018           403 180
0632   0445 010
0633   0446 140              404 +
0634   0447 190028           405 RCL 40
0635   0449 15c              406 ASIN
0636   044a 185              407 RTN
0640   044b 1c0006           408 LBL "*GCPLOT"
0640   044d 0f8000
0640   044f 02a047
0640   0451 043050
0640   0453 04c04f
0640   0455 054
0641   0456 1cf04c           409 LBL 76
0642   0458 19002d           410 RCL 45
0643   045a 119010           411 90
0644   045c 19002e           412 RCL 46
0645   045e 116010           413 60
0646   0460 143              414 /
0647   0461 141              415 -
0648   0462 190029           416 RCL 41
0649   0464 171              417 X<>Y
0650   0465 1e003b           418 XEQ 78
0650   0467 04e
0651   0468 19102b           419 STO 43
0652   046a 171              420 X<>Y
0653   046b 19002a           421 RCL 42
0654   046d 140              422 +
0655   046e 111              423 1
0656   046f 14e              424 P-R
0657   0470 14f              425 R-P
0658   0471 171              426 X<>Y
0659   0472 19c005           427 FIX 05
0660   0474 16e              428 RND
0661   0475 19102c           429 STO 44
0662   0477 185              430 RTN
0666   0478 1c6006           431 LBL "*DEDREC"
0666   047a 0f8000
0666   047c 02a044
0666   047e 045044
0666   0480 052045
0666   0482 043
0667   0483 1cf026           432 LBL 38
0668   0485 1a609c           433 TIME
0669   0487 191028           434 STO 40
0670   0489 190016           435 RCL 22
0671   048b 14a              436 HMS-
0672   048c 16d              437 HR
0673   048d 127              438 RCL 07
0674   048e 142              439 *
0675   048f 16e              440 RND
0676   0490 19102e           441 STO 46
0677   0492 190014           442 RCL 20
0678   0494 191029           443 STO 41
0679   0496 190015           444 RCL 21
0680   0498 19102a           445 STO 42
0681   049a 123              446 RCL 03
0682   049b 19102d           447 STO 45
0683   049d 190028           448 RCL 40
0684   049f 191016           449 STO 22
0685   04a1 1e004c           450 XEQ 76
0685   04a3 04c
0686   04a4 19002b           451 RCL 43
0687   04a6 191014           452 STO 20
0688   04a8 19002c           453 RCL 44
0689   04aa 191015           454 STO 21
0690   04ac 185              455 RTN
0694   04ad 1c8007           456 LBL "VOR1B1"
0694   04af 0f7000
0694   04b1 05604f
0694   04b3 052031
0694   04b5 042031
0695   04b7 1a609c           457 TIME
0696   04b9 19101c           458 STO 28
0697   04bb 19101d           459 STO 29
0698   04bd 1f7056           460 "VOR ID?"
0698   04bf 04f052
0698   04c1 020049
0698   04c3 04403f
0699   04c5 17e              461 AVIEW
0700   04c6 187              462 CLA
0701   04c7 18c              463 AON
0702   04c8 184              464 STOP
0703   04c9 18b              465 AOFF
0704   04ca 19a019           466 ASTO 25
0705   04cc 1e00e7           467 XEQ b
0705   04ce 0fc
0706   04cf 19101a           468 STO 26
0707   04d1 1a8001           469 SF 01
0708   04d3 185              470 RTN
0712   04d4 1c8005           471 LBL "VOR1B2"
0712   04d6 0f7000
0712   04d8 05604f
0712   04da 052031
0712   04dc 042032
0713   04de 1a609c           472 TIME
0714   04e0 19101d           473 STO 29
0715   04e2 1ad001           474 FC? 01
0716   04e4 1d0049           475 GTO 80
0716   04e6 0d0
0717   04e7 1e00cc           476 XEQ b
0717   04e9 0fc
0718   04ea 19102d           477 STO 45
0719   04ec 1e00bc           478 XEQ a
0719   04ee 0fb
0720   04ef 19101b           479 STO 27
0721   04f1 19001d           480 RCL 29
0722   04f3 19001c           481 RCL 28
0723   04f5 14a              482 HMS-
0724   04f6 16d              483 HR
0725   04f7 127              484 RCL 07
0726   04f8 142              485 *
0727   04f9 123              486 RCL 03
0728   04fa 124              487 RCL 04
0729   04fb 140              488 +
0730   04fc 19001a           489 RCL 26
0731   04fe 1e00aa           490 XEQ a
0731   0500 0fb
0732   0501 141              491 -
0733   0502 159              492 SIN
0734   0503 142              493 *
0735   0504 19001a           494 RCL 26
0736   0506 19001b           495 RCL 27
0737   0508 141              496 -
0738   0509 159              497 SIN
0739   050a 143              498 /
0740   050b 161              499 ABS
0741   050c 19102e           500 STO 46
0742   050e 1f2044           501 "D="
0742   0510 03d
0743   0511 19b073           502 ARCL X
0744   0513 17e              503 AVIEW
0745   0514 187              504 CLA
0746   0515 19b019           505 ARCL 25
0747   0517 191018           506 STO 24
0748   0519 110              507 0
0749   051a 1a606b           508 SEEKPTA
0750   051c 114011           509 41.042
0750   051e 01a010
0750   0520 014012
0751   0522 1a6055           510 GETRX
0752   0524 1e00cf           511 XEQ 76
0752   0526 04c
0753   0527 1e006c           512 XEQ 65
0753   0529 0c1
0754   052a 1e30e9           513 XEQ 86
0754   052c 056
0755   052d 185              514 RTN
0756   052e 1cf050           515 LBL 80
0757   0530 185              516 RTN
0761   0531 1c400d           517 LBL "VOR2B1"
0761   0533 0f7000
0761   0535 05604f
0761   0537 052032
0761   0539 042031
0762   053b 1f7056           518 "VOR ID?"
0762   053d 04f052
0762   053f 020049
0762   0541 04403f
0763   0543 17e              519 AVIEW
0764   0544 187              520 CLA
0765   0545 18c              521 AON
0766   0546 184              522 STOP
0767   0547 18b              523 AOFF
0768   0548 19a01e           524 ASTO 30
0769   054a 110              525 0
0770   054b 1a606b           526 SEEKPTA
0771   054d 114013           527 43.044
0771   054f 01a010
0771   0551 014014
0772   0553 1a6055           528 GETRX
0773   0555 1e005e           529 XEQ b
0773   0557 0fc
0774   0558 19101f           530 STO 31
0775   055a 187              531 CLA
0776   055b 19b019           532 ARCL 25
0777   055d 110              533 0
0778   055e 1a606b           534 SEEKPTA
0779   0560 114011           535 41.042
0779   0562 01a010
0779   0564 014012
0780   0566 1a6055           536 GETRX
0781   0568 1e106c           537 XEQ 74
0781   056a 04a
0782   056b 19001f           538 RCL 31
0783   056d 19002d           539 RCL 45
0784   056f 141              540 -
0785   0570 159              541 SIN
0786   0571 19002e           542 RCL 46
0787   0573 142              543 *
0788   0574 19001f           544 RCL 31
0789   0576 19001a           545 RCL 26
0790   0578 19102d           546 STO 45
0791   057a 141              547 -
0792   057b 159              548 SIN
0793   057c 143              549 /
0794   057d 161              550 ABS
0795   057e 19102e           551 STO 46
0796   0580 1f2044           552 "D="
0796   0582 03d
0797   0583 19b073           553 ARCL X
0798   0585 17e              554 AVIEW
0799   0586 19001a           555 RCL 26
0800   0588 19102d           556 STO 45
0801   058a 1e1035           557 XEQ 76
0801   058c 04c
0802   058d 1e0006           558 XEQ 65
0802   058f 0c1
0803   0590 1e404f           559 XEQ 86
0803   0592 056
0804   0593 185              560 RTN
0805   0594 1cf041           561 LBL 65
0806   0596 19002b           562 RCL 43
0807   0598 191011           563 STO 17
0808   059a 191014           564 STO 20
0809   059c 19002c           565 RCL 44
0810   059e 191012           566 STO 18
0811   05a0 191015           567 STO 21
0812   05a2 19001d           568 RCL 29
0813   05a4 191016           569 STO 22
0814   05a6 191017           570 STO 23
0815   05a8 185              571 RTN
0816   05a9 1cf07b           572 LBL a
0817   05ab 111018           573 180
0817   05ad 010
0818   05ae 140              574 +
0819   05af 113016           575 360
0819   05b1 010
0820   05b2 14b              576 MOD
0821   05b3 185              577 RTN
0822   05b4 1cf07c           578 LBL b
0823   05b6 1fa042           579 "BRNG FROM?"
0823   05b8 05204e
0823   05ba 047020
0823   05bc 046052
0823   05be 04f04d
0823   05c0 03f
0824   05c1 18e              580 PROMPT
0825   05c2 185              581 RTN
0829   05c3 1cc014           582 LBL "*CLSEST"
0829   05c5 0f8000
0829   05c7 02a043
0829   05c9 04c053
0829   05cb 045053
0829   05cd 054
0830   05ce 1cf03c           583 LBL 60
0831   05d0 110              584 0
0832   05d1 19102f           585 STO 47
0833   05d3 111010           586 1000
0833   05d5 010010
0834   05d7 191027           587 STO 39
0835   05d9 190014           588 RCL 20
0836   05db 191029           589 STO 41
0837   05dd 190015           590 RCL 21
0838   05df 19102a           591 STO 42
0839   05e1 1a9019           592 CF 25
0840   05e3 1cf03d           593 LBL 61
0841   05e5 1f6057           594 "WAYPTS"
0841   05e7 041059
0841   05e9 050054
0841   05eb 053
0842   05ec 19002f           595 RCL 47
0843   05ee 1a606b           596 SEEKPTA
0844   05f0 175              597 RDN
0845   05f1 1a8019           598 SF 25
0846   05f3 1cf052           599 LBL 82
0847   05f5 1a6054           600 GETREC
0848   05f7 1ad019           601 FC? 25
0849   05f9 1d002d           602 GTO 84
0849   05fb 0d4
0850   05fc 19a01e           603 ASTO 30
0851   05fe 110              604 0
0852   05ff 1a606b           605 SEEKPTA
0853   0601 114013           606 43.044
0853   0603 01a010
0853   0605 014014
0854   0607 1a6055           607 GETRX
0855   0609 1e200d           608 XEQ 74
0855   060b 04a
0856   060c 190027           609 RCL 39
0857   060e 19002e           610 RCL 46
0858   0610 145              611 X>Y?
0859   0611 1d000d           612 GTO 83
0859   0613 0d3
0860   0614 191027           613 STO 39
0861   0616 19002d           614 RCL 45
0862   0618 191026           615 STO 38
0863   061a 187              616 CLA
0864   061b 19b01e           617 ARCL 30
0865   061d 19a025           618 ASTO 37
0866   061f 1cf053           619 LBL 83
0867   0621 111              620 1
0868   0622 19202f           621 ST+ 47
0869   0624 1d0042           622 GTO 61
0869   0626 03d
0870   0627 1cf054           623 LBL 84
0871   0629 185              624 RTN
0875   062a 1ca00e           625 LBL "*MAGVAR"
0875   062c 0f8000
0875   062e 02a04d
0875   0630 041047
0875   0632 056041
0875   0634 052
0876   0635 1cf046           626 LBL 70
0877   0637 1f604d           627 "MAGVAR"
0877   0639 041047
0877   063b 056041
0877   063d 052
0878   063e 110              628 0
0879   063f 1a606b           629 SEEKPTA
0880   0641 113018           630 38.047
0880   0643 01a010
0880   0645 014017
0881   0647 1a6055           631 GETRX
0882   0649 190026           632 RCL 38
0883   064b 190014           633 RCL 20
0884   064d 190027           634 RCL 39
0885   064f 142              635 *
0886   0650 140              636 +
0887   0651 190014           637 RCL 20
0888   0653 151              638 X^2
0889   0654 190028           639 RCL 40
0890   0656 142              640 *
0891   0657 140              641 +
0892   0658 190014           642 RCL 20
0893   065a 113              643 3
0894   065b 153              644 Y^X
0895   065c 190029           645 RCL 41
0896   065e 142              646 *
0897   065f 140              647 +
0898   0660 190015           648 RCL 21
0899   0662 19002a           649 RCL 42
0900   0664 142              650 *
0901   0665 140              651 +
0902   0666 190014           652 RCL 20
0903   0668 190015           653 RCL 21
0904   066a 142              654 *
0905   066b 19002b           655 RCL 43
0906   066d 142              656 *
0907   066e 140              657 +
0908   066f 190014           658 RCL 20
0909   0671 151              659 X^2
0910   0672 190015           660 RCL 21
0911   0674 142              661 *
0912   0675 19002c           662 RCL 44
0913   0677 142              663 *
0914   0678 140              664 +
0915   0679 190015           665 RCL 21
0916   067b 151              666 X^2
0917   067c 19002d           667 RCL 45
0918   067e 142              668 *
0919   067f 140              669 +
0920   0680 190014           670 RCL 20
0921   0682 190015           671 RCL 21
0922   0684 151              672 X^2
0923   0685 142              673 *
0924   0686 19002e           674 RCL 46
0925   0688 142              675 *
0926   0689 140              676 +
0927   068a 190015           677 RCL 21
0928   068c 113              678 3
0929   068d 153              679 Y^X
0930   068e 19002f           680 RCL 47
0931   0690 142              681 *
0932   0691 140              682 +
0933   0692 13d              683 STO 13
0934   0693 185              684 RTN
0938   0694 1c200f           685 LBL "*DENALT"
0938   0696 0f8000
0938   0698 02a044
0938   069a 04504e
0938   069c 04104c
0938   069e 054
0939   069f 1cf03e           686 LBL 62
0940   06a1 1ac002           687 FS? 02
0941   06a3 1d0069           688 GTO 63
0941   06a5 0bf
0942   06a6 12c              689 RCL 12
0943   06a7 191010           690 STO 16
0944   06a9 19c002           691 FIX 02
0945   06ab 12b              692 RCL 11
0946   06ac 112019           693 29.92126
0946   06ae 01a019
0946   06b0 012011
0946   06b2 012016
0947   06b4 143              694 /
0948   06b5 11a011           695 .190261
0948   06b7 019010
0948   06b9 012016
0948   06bb 011
0949   06bc 153              696 Y^X
0950   06bd 154              697 CHS
0951   06be 111              698 1
0952   06bf 140              699 +
0953   06c0 111014           700 145442.2
0953   06c2 015014
0953   06c4 014012
0953   06c6 01a012
0954   06c8 142              701 *
0955   06c9 12c              702 RCL 12
0956   06ca 140              703 +
0957   06cb 191028           704 STO 40
0958   06cd 12a              705 RCL 10
0959   06ce 112017           706 273.15
0959   06d0 01301a
0959   06d2 011015
0960   06d4 140              707 +
0961   06d5 191029           708 STO 41
0962   06d7 112018           709 288.15
0962   06d9 01801a
0962   06db 011015
0962   06dd 100                  NULL
0963   06de 11a010           710 .0019812
0963   06e0 010011
0963   06e2 019018
0963   06e4 011012
0964   06e6 129              711 RCL 09
0965   06e7 142              712 *
0966   06e8 141              713 -
0967   06e9 19102a           714 STO 42
0968   06eb 190029           715 RCL 41
0969   06ed 143              716 /
0970   06ee 11a010           717 .0234969
0970   06f0 012013
0970   06f2 014019
0970   06f4 016019
0971   06f6 153              718 Y^X
0972   06f7 154              719 CHS
0973   06f8 111              720 1
0974   06f9 140              721 +
0975   06fa 19002a           722 RCL 42
0976   06fc 142              723 *
0977   06fd 11a010           724 .0019812
0977   06ff 010011
0977   0701 019018
0977   0703 011012
0978   0705 143              725 /
0979   0706 190028           726 RCL 40
0980   0708 140              727 +
0981   0709 191010           728 STO 16
0982   070b 1a8002           729 SF 02
0983   070d 1cf03f           730 LBL 63
0984   070f 185              731 RTN
0988   0710 1ca011           732 LBL "*SPEEDS"
0988   0712 0f8000
0988   0714 02a053
0988   0716 050045
0988   0718 045044
0988   071a 053
0989   071b 1cf02a           733 LBL 42
0990   071d 19c000           734 FIX 00
0991   071f 190010           735 RCL 16
0992   0721 11601a           736 6.8755856 E-6
0992   0723 018017
0992   0725 015015
0992   0727 018015
0992   0729 01601b
0992   072b 01c016
0993   072d 142              737 *
0994   072e 154              738 CHS
0995   072f 111              739 1
0996   0730 140              740 +
0997   0731 11201a           741 2.127940
0997   0733 011012
0997   0735 017019
0997   0737 014010
0998   0739 153              742 Y^X
0999   073a 160              743 1/X
1000   073b 129              744 RCL 09
1001   073c 142              745 *
1002   073d 138              746 STO 08
1003   073e 1ac005           747 FS? 05
1004   0740 1d0020           748 GTO 92
1004   0742 0dc
1005   0743 123              749 RCL 03
1006   0744 128              750 RCL 08
1007   0745 14e              751 P-R
1008   0746 12e              752 RCL 14
1009   0747 1e109f           753 XEQ a
1009   0749 07b
1010   074a 12f              754 RCL 15
1011   074b 14e              755 P-R
1012   074c 171              756 X<>Y
1013   074d 175              757 RDN
1014   074e 140              758 +
1015   074f 175              759 RDN
1016   0750 140              760 +
1017   0751 174              761 R^
1018   0752 14f              762 R-P
1019   0753 137              763 STO 07
1020   0754 175              764 RDN
1021   0755 123              765 RCL 03
1022   0756 141              766 -
1023   0757 154              767 CHS
1024   0758 123              768 RCL 03
1025   0759 140              769 +
1026   075a 12d              770 RCL 13
1027   075b 140              771 +
1028   075c 113016           772 360
1028   075e 010
1029   075f 14b              773 MOD
1030   0760 134              774 STO 04
1031   0761 1cf05c           775 LBL 92
1032   0763 185              776 RTN
1036   0764 1c000c           777 LBL "ACTWND"
1036   0766 0f7000
1036   0768 041043
1036   076a 054057
1036   076c 04e044
1037   076e 1f704d           778 "MAG HD?"
1037   0770 041047
1037   0772 020048
1037   0774 04403f
1038   0776 18e              779 PROMPT
1039   0777 12d              780 RCL 13
1040   0778 141              781 -
1041   0779 128              782 RCL 08
1042   077a 14e              783 P-R
1043   077b 1f9043           784 "CRS MADE?"
1043   077d 052053
1043   077f 02004d
1043   0781 041044
1043   0783 04503f
1044   0785 18e              785 PROMPT
1045   0786 127              786 RCL 07
1046   0787 14e              787 P-R
1047   0788 171              788 X<>Y
1048   0789 175              789 RDN
1049   078a 141              790 -
1050   078b 175              791 RDN
1051   078c 141              792 -
1052   078d 174              793 R^
1053   078e 14f              794 R-P
1054   078f 13f              795 STO 15
1055   0790 175              796 RDN
1056   0791 113016           797 360
1056   0793 010
1057   0794 14b              798 MOD
1058   0795 13e              799 STO 14
1059   0796 185              800 RTN
1063   0797 1c4007           801 LBL "ENDFLT"
1063   0799 0f7000
1063   079b 04504e
1063   079d 044046
1063   079f 04c054
1064   07a1 1a60a1           802 CLRALMS
1065   07a3 1ca001           803 END
1065   07a5 22f
0000   07a6                      SECTION RPN
0000   07a6 0e5260               ;; COPY header
0003   07a8 1c8000            01 LBL "RNAVFX"
0003   07aa 0f7000
0003   07ac 05204e
0003   07ae 041056
0003   07b0 046058
0004   07b2 1c6001            02 LBL "HACKFX"
0004   07b4 0f7000
0004   07b6 048041
0004   07b8 04304b
0004   07ba 046058
0005   07bc 1a609c            03 TIME
0006   07be 19101d            04 STO 29
0007   07c0 1f4046            05 "FIX?"
0007   07c2 049058
0007   07c4 03f
0008   07c5 17e               06 AVIEW
0009   07c6 18c               07 AON
0010   07c7 184               08 STOP
0011   07c8 18b               09 AOFF
0012   07c9 19a018            10 ASTO 24
0013   07cb 110               11 0
0014   07cc 1a606b            12 SEEKPTA
0015   07ce 114011            13 41.042
0015   07d0 01a010
0015   07d2 014012
0016   07d4 1a6055            14 GETRX
0017   07d6 1fa042            15 "BRNG FROM?"
0017   07d8 05204e
0017   07da 047020
0017   07dc 046052
0017   07de 04f04d
0017   07e0 03f
0018   07e1 18e               16 PROMPT
0019   07e2 19102d            17 STO 45
0020   07e4 1f9044            18 "DISTANCE?"
0020   07e6 049053
0020   07e8 054041
0020   07ea 04e043
0020   07ec 04503f
0021   07ee 18e               19 PROMPT
0022   07ef 19102e            20 STO 46
0023   07f1 1a20d2            21 XROM 11,18
0024   07f3 1e0006            22 XEQ 65
0024   07f5 0c1
0025   07f6 1e103f            23 XEQ 86
0025   07f8 0d6
0026   07f9 185               24 RTN
0027   07fa 1cf041            25 LBL 65
0028   07fc 19002b            26 RCL 43
0029   07fe 191011            27 STO 17
0030   0800 191014            28 STO 20
0031   0802 19002c            29 RCL 44
0032   0804 191012            30 STO 18
0033   0806 191015            31 STO 21
0034   0808 19001d            32 RCL 29
0035   080a 191016            33 STO 22
0036   080c 191017            34 STO 23
0037   080e 185               35 RTN
0038   080f 1c400d            36 LBL "COURSE"
0038   0811 0f7000
0038   0813 04304f
0038   0815 055052
0038   0817 053045
0039   0819 1f6053            37 "START?"
0039   081b 054041
0039   081d 052054
0039   081f 03f
0040   0820 17e               38 AVIEW
0041   0821 18c               39 AON
0042   0822 184               40 STOP
0043   0823 18b               41 AOFF
0044   0824 110               42 0
0045   0825 1a606b            43 SEEKPTA
0046   0827 114011            44 41.042
0046   0829 01a010
0046   082b 014012
0047   082d 1a6055            45 GETRX
0048   082f 1f4045            46 "END?"
0048   0831 04e044
0048   0833 03f
0049   0834 17e               47 AVIEW
0050   0835 18c               48 AON
0051   0836 184               49 STOP
0052   0837 18b               50 AOFF
0053   0838 110               51 0
0054   0839 1a606b            52 SEEKPTA
0055   083b 114013            53 43.044
0055   083d 01a010
0055   083f 014014
0056   0841 1a6055            54 GETRX
0057   0843 1a20d0            55 XROM 11,16
0058   0845 19c000            56 FIX 00
0059   0847 1f4043            57 "CRS:"
0059   0849 052053
0059   084b 03a
0060   084c 19b02d            58 ARCL 45
0061   084e 1f507f            59 >"DIS:"
0061   0850 044049
0061   0852 05303a
0062   0854 19b02e            60 ARCL 46
0063   0856 17e               61 AVIEW
0064   0857 189               62 PSE
0065   0858 185               63 RTN
0066   0859 1c800a            64 LBL "WAYPTS"
0066   085b 0f7000
0066   085d 057041
0066   085f 059050
0066   0861 054053
0067   0863 1f6057            65 "WAYPTS"
0067   0865 041059
0067   0867 050054
0067   0869 053
0068   086a 1a8019            66 SF 25
0069   086c 1a605f            67 PURFL
0070   086e 116               68 6
0071   086f 1a604a            69 CRFLAS
0072   0871 1be0bd            70 GTO 13
0073   0873 1ca003            71 LBL "FLTPLN"
0073   0875 0f7000
0073   0877 04604c
0073   0879 054050
0073   087b 04c04e
0074   087d 1a20c8            72 XROM 11,8
0075   087f 1f9041            73 "AIRSPEED?"
0075   0881 049052
0075   0883 053050
0075   0885 045045
0075   0887 04403f
0076   0889 18e               74 PROMPT
0077   088a 139               75 STO 09
0078   088b 1a20c9            76 XROM 11,9
0079   088d 1ca003            77 LBL "LEGPLN"
0079   088f 0f7000
0079   0891 04c045
0079   0893 047050
0079   0895 04c04e
0080   0897 1f6046            78 "FLTPLN"
0080   0899 04c054
0080   089b 05004c
0080   089d 04e
0081   089e 1a8019            79 SF 25
0082   08a0 1a605f            80 PURFL
0083   08a2 116               81 6
0084   08a3 1a604a            82 CRFLAS
0085   08a5 1c6003            83 LBL "*WAYPTS"
0085   08a7 0f8000
0085   08a9 02a057
0085   08ab 041059
0085   08ad 050054
0085   08af 053
0086   08b0 10e               84 LBL 13
0087   08b1 1fc045            85 "ENTER WAYPTS"
0087   08b3 04e054
0087   08b5 045052
0087   08b7 020057
0087   08b9 041059
0087   08bb 050054
0087   08bd 053
0088   08be 17e               86 AVIEW
0089   08bf 189               87 PSE
0090   08c0 1f802e            88 ". TO END"
0090   08c2 020054
0090   08c4 04f020
0090   08c6 04504e
0090   08c8 044
0091   08c9 17e               89 AVIEW
0092   08ca 189               90 PSE
0093   08cb 110               91 0
0094   08cc 191028            92 STO 40
0095   08ce 10b               93 LBL 10
0096   08cf 187               94 CLA
0097   08d0 190028            95 RCL 40
0098   08d2 114018            96 48
0099   08d4 140               97 +
0100   08d5 1a606f            98 XTOA
0101   08d7 1fa07f            99 >": WAYPNT?"
0101   08d9 03a020
0101   08db 057041
0101   08dd 059050
0101   08df 04e054
0101   08e1 03f
0102   08e2 17e              100 AVIEW
0103   08e3 18c              101 AON
0104   08e4 184              102 STOP
0105   08e5 18b              103 AOFF
0106   08e6 19a029           104 ASTO 41
0107   08e8 1a6041           105 ALENG
0108   08ea 112              106 2
0109   08eb 145              107 X>Y?
0110   08ec 1be093           108 GTO 13
0111   08ee 1a6071           109 ASROOM
0112   08f0 114              110 4
0113   08f1 144              111 X<Y?
0114   08f2 1bc085           112 GTO 11
0115   08f4 1a604f           113 FLSIZE
0116   08f6 116              114 6
0117   08f7 1a6077           115 RESZFL
0118   08f9 10c              116 LBL 11
0119   08fa 1a6044           117 APPREC
0120   08fc 111              118 1
0121   08fd 192028           119 ST+ 40
0122   08ff 1bb033           120 GTO 10
0123   0901 10e              121 LBL 13
0124   0902 185              122 RTN
0125   0903 1c600d           123 LBL "FLYLEG"
0125   0905 0f7000
0125   0907 04604c
0125   0909 05904c
0125   090b 045047
0126   090d 1f404c           124 "LEG?"
0126   090f 045047
0126   0911 03f
0127   0912 18e              125 PROMPT
0128   0913 191028           126 STO 40
0129   0915 1f6046           127 "FLTPLN"
0129   0917 04c054
0129   0919 05004c
0129   091b 04e
0130   091c 1a606b           128 SEEKPTA
0131   091e 1a6054           129 GETREC
0132   0920 19a000           130 ASTO 00
0133   0922 1a6054           131 GETREC
0134   0924 19a001           132 ASTO 01
0135   0926 187              133 CLA
0136   0927 19b000           134 ARCL 00
0137   0929 114015           135 45
0138   092b 1a606f           136 XTOA
0139   092d 116012           137 62
0140   092f 1a606f           138 XTOA
0141   0931 19b001           139 ARCL 01
0142   0933 17e              140 AVIEW
0143   0934 1a20ce           141 XROM 11,14
0144   0936 1cf056           142 LBL 86
0145   0938 1a20d8           143 XROM 11,24
0146   093a 1a20d9           144 XROM 11,25
0147   093c 1a20cf           145 XROM 11,15
0148   093e 1a20da           146 XROM 11,26
0149   0940 1a20cc           147 XROM 11,12
0150   0942 1a20ca           148 XROM 11,10
0151   0944 185              149 RTN
0152   0945 1c6009           150 LBL "SAVERG"
0152   0947 0f7000
0152   0949 053041
0152   094b 056045
0152   094d 052047
0153   094f 1f6053           151 "SAVREG"
0153   0951 041056
0153   0953 052045
0153   0955 047
0154   0956 1a8019           152 SF 25
0155   0958 1a605f           153 PURFL
0156   095a 114010           154 40
0157   095c 1a604b           155 CRFLD
0158   095e 110              156 0
0159   095f 1a606b           157 SEEKPTA
0160   0961 11001a           158 0.039
0160   0963 010013
0160   0965 019
0161   0966 1a6068           159 SAVERX
0162   0968 185              160 RTN
0163   0969 1c2005           161 LBL "READRG"
0163   096b 0f7000
0163   096d 052045
0163   096f 041044
0163   0971 052047
0164   0973 1f6053           162 "SAVREG"
0164   0975 041056
0164   0977 052045
0164   0979 047
0165   097a 110              163 0
0166   097b 1a606b           164 SEEKPTA
0167   097d 11001a           165 0.039
0167   097f 010013
0167   0981 019
0168   0982 1a6055           166 GETRX
0169   0984 185              167 RTN
0170   0985 1c0004           168 LBL "SUSPND"
0170   0987 0f7000
0170   0989 053055
0170   098b 053050
0170   098d 04e044
0171   098f 1a60a1           169 CLRALMS
0172   0991 185              170 RTN
0173   0992 1cc001           171 LBL "RESUME"
0173   0994 0f7000
0173   0996 052045
0173   0998 053055
0173   099a 04d045
0174   099c 1a60a1           172 CLRALMS
0175   099e 11a010           173 .0500
0175   09a0 015010
0175   09a2 010
0175   09a3 100                  NULL
0176   09a4 110              174 0
0177   09a5 1a609c           175 TIME
0178   09a7 11a010           176 .05
0178   09a9 015
0179   09aa 140              177 +
0180   09ab 1f405e           178 "^^M%"
0180   09ad 05e04d
0180   09af 025
0181   09b0 1a609d           179 XYZALM
0182   09b2 185              180 RTN
0183   09b3 1ca004           181 LBL "CATPLN"
0183   09b5 0f7000
0183   09b7 043041
0183   09b9 054050
0183   09bb 04c04e
0184   09bd 110              182 0
0185   09be 191028           183 STO 40
0186   09c0 1a9019           184 CF 25
0187   09c2 1cf01f           185 LBL 31
0188   09c4 1f6046           186 "FLTPLN"
0188   09c6 04c054
0188   09c8 05004c
0188   09ca 04e
0189   09cb 190028           187 RCL 40
0190   09cd 1a606b           188 SEEKPTA
0191   09cf 187              189 CLA
0192   09d0 114018           190 48
0193   09d2 140              191 +
0194   09d3 1a606f           192 XTOA
0195   09d5 1f307f           193 >": "
0195   09d7 03a020
0196   09d9 175              194 RDN
0197   09da 1a8019           195 SF 25
0198   09dc 1a6045           196 ARCLREC
0199   09de 1ad019           197 FC? 25
0200   09e0 1d0018           198 GTO 33
0200   09e2 0a1
0201   09e3 1f307f           199 >"->"
0201   09e5 02d03e
0202   09e7 1a8019           200 SF 25
0203   09e9 1a6045           201 ARCLREC
0204   09eb 1ad019           202 FC? 25
0205   09ed 1d000b           203 GTO 33
0205   09ef 0a1
0206   09f0 17e              204 AVIEW
0207   09f1 189              205 PSE
0208   09f2 189              206 PSE
0209   09f3 111              207 1
0210   09f4 192028           208 ST+ 40
0211   09f6 1d0035           209 GTO 31
0211   09f8 01f
0212   09f9 1cf021           210 LBL 33
0213   09fb 185              211 RTN
0214   09fc 1c600a           212 LBL "DISPLY"
0214   09fe 0f7000
0214   0a00 044049
0214   0a02 053050
0214   0a04 04c059
0215   0a06 110              213 0
0216   0a07 1f7030           214 "0DEPART"
0216   0a09 044045
0216   0a0b 050041
0216   0a0d 052054
0217   0a0f 1e10de           215 XEQ 47
0217   0a11 0af
0218   0a12 111              216 1
0219   0a13 1f5030           217 "0DEST"
0219   0a15 044045
0219   0a17 053054
0220   0a19 1e10d4           218 XEQ 47
0220   0a1b 0af
0221   0a1c 112              219 2
0222   0a1d 1f7035           220 "5TIMOFF"
0222   0a1f 054049
0222   0a21 04d04f
0222   0a23 046046
0223   0a25 1e10c8           221 XEQ 47
0223   0a27 0af
0224   0a28 113              222 3
0225   0a29 1f7034           223 "4TRUCRS"
0225   0a2b 054052
0225   0a2d 055043
0225   0a2f 052053
0226   0a31 1e10bc           224 XEQ 47
0226   0a33 0af
0227   0a34 114              225 4
0228   0a35 1f6034           226 "4MAGHD"
0228   0a37 04d041
0228   0a39 047048
0228   0a3b 044
0229   0a3c 1e10b1           227 XEQ 47
0229   0a3e 0af
0230   0a3f 115              228 5
0231   0a40 1f7032           229 "2DISTRM"
0231   0a42 044049
0231   0a44 053054
0231   0a46 05204d
0232   0a48 1e10a5           230 XEQ 47
0232   0a4a 0af
0233   0a4b 116              231 6
0234   0a4c 1f7032           232 "2DISTFN"
0234   0a4e 044049
0234   0a50 053054
0234   0a52 04604e
0235   0a54 1e1099           233 XEQ 47
0235   0a56 0af
0236   0a57 117              234 7
0237   0a58 1f3031           235 "1GS"
0237   0a5a 047053
0238   0a5c 1e1091           236 XEQ 47
0238   0a5e 0af
0239   0a5f 118              237 8
0240   0a60 1f4031           238 "1TAS"
0240   0a62 054041
0240   0a64 053
0241   0a65 1e1088           239 XEQ 47
0241   0a67 0af
0242   0a68 119              240 9
0243   0a69 1f4031           241 "1IAS"
0243   0a6b 049041
0243   0a6d 053
0244   0a6e 1e107f           242 XEQ 47
0244   0a70 0af
0245   0a71 111010           243 10
0246   0a73 1f6033           244 "3TEMPC"
0246   0a75 054045
0246   0a77 04d050
0246   0a79 043
0247   0a7a 1e1073           245 XEQ 47
0247   0a7c 0af
0248   0a7d 111011           246 11
0249   0a7f 1f7038           247 "8ALTSET"
0249   0a81 04104c
0249   0a83 054053
0249   0a85 045054
0250   0a87 1e1066           248 XEQ 47
0250   0a89 0af
0251   0a8a 111012           249 12
0252   0a8c 1f7039           250 "9ALTITD"
0252   0a8e 04104c
0252   0a90 054049
0252   0a92 054044
0253   0a94 1e1059           251 XEQ 47
0253   0a96 0af
0254   0a97 111013           252 13
0255   0a99 1f7034           253 "4MAGVAR"
0255   0a9b 04d041
0255   0a9d 047056
0255   0a9f 041052
0256   0aa1 1e104c           254 XEQ 47
0256   0aa3 0af
0257   0aa4 111014           255 14
0258   0aa6 1f7034           256 "4WINDIR"
0258   0aa8 057049
0258   0aaa 04e044
0258   0aac 049052
0259   0aae 1e103f           257 XEQ 47
0259   0ab0 0af
0260   0ab1 111015           258 15
0261   0ab3 1f7031           259 "1WINSPD"
0261   0ab5 057049
0261   0ab7 04e053
0261   0ab9 050044
0262   0abb 1e1032           260 XEQ 47
0262   0abd 0af
0263   0abe 111016           261 16
0264   0ac0 1f7039           262 "9DENALT"
0264   0ac2 044045
0264   0ac4 04e041
0264   0ac6 04c054
0265   0ac8 1e1025           263 XEQ 47
0265   0aca 0af
0266   0acb 111017           264 17
0267   0acd 1f7036           265 "6FIXLAT"
0267   0acf 046049
0267   0ad1 05804c
0267   0ad3 041054
0268   0ad5 1e1018           266 XEQ 47
0268   0ad7 0af
0269   0ad8 111018           267 18
0270   0ada 1f7037           268 "7FIXLON"
0270   0adc 046049
0270   0ade 05804c
0270   0ae0 04f04e
0271   0ae2 1e100b           269 XEQ 47
0271   0ae4 0af
0272   0ae5 111019           270 19
0273   0ae7 1f7035           271 "5TIMOFF"
0273   0ae9 054049
0273   0aeb 04d04f
0273   0aed 046046
0274   0aef 1e00fe           272 XEQ 47
0274   0af1 0af
0275   0af2 112010           273 20
0276   0af4 1f7036           274 "6DEDLAT"
0276   0af6 044045
0276   0af8 04404c
0276   0afa 041054
0277   0afc 1e00f1           275 XEQ 47
0277   0afe 0af
0278   0aff 112011           276 21
0279   0b01 1f7037           277 "7DEDLON"
0279   0b03 044045
0279   0b05 04404c
0279   0b07 04f04e
0280   0b09 1e00e4           278 XEQ 47
0280   0b0b 0af
0281   0b0c 112012           279 22
0282   0b0e 1f7035           280 "5DEDTIM"
0282   0b10 044045
0282   0b12 044054
0282   0b14 04904d
0283   0b16 1e00d7           281 XEQ 47
0283   0b18 0af
0284   0b19 112013           282 23
0285   0b1b 1f7035           283 "5LASTIM"
0285   0b1d 04c041
0285   0b1f 053054
0285   0b21 04904d
0286   0b23 1e00ca           284 XEQ 47
0286   0b25 0af
0287   0b26 112014           285 24
0288   0b28 1f7030           286 "0LSTFIX"
0288   0b2a 04c053
0288   0b2c 054046
0288   0b2e 049058
0289   0b30 1e00bd           287 XEQ 47
0289   0b32 0af
0290   0b33 112015           288 25
0291   0b35 1f4030           289 "0VOR"
0291   0b37 05604f
0291   0b39 052
0292   0b3a 1e00b3           290 XEQ 47
0292   0b3c 0af
0293   0b3d 112016           291 26
0294   0b3f 1f6034           292 "4BRNG1"
0294   0b41 042052
0294   0b43 04e047
0294   0b45 031
0295   0b46 1e00a7           293 XEQ 47
0295   0b48 0af
0296   0b49 112017           294 27
0297   0b4b 1f6034           295 "4BRNG2"
0297   0b4d 042052
0297   0b4f 04e047
0297   0b51 032
0298   0b52 1e009b           296 XEQ 47
0298   0b54 0af
0299   0b55 112019           297 29
0300   0b57 1f6035           298 "5TIME2"
0300   0b59 054049
0300   0b5b 04d045
0300   0b5d 032
0301   0b5e 1e008f           299 XEQ 47
0301   0b60 0af
0302   0b61 113010           300 30
0303   0b63 1f5030           301 "0VOR2"
0303   0b65 05604f
0303   0b67 052032
0304   0b69 1e0084           302 XEQ 47
0304   0b6b 0af
0305   0b6c 113011           303 31
0306   0b6e 1f6034           304 "4BRNG3"
0306   0b70 042052
0306   0b72 04e047
0306   0b74 033
0307   0b75 1e0078           305 XEQ 47
0307   0b77 0af
0308   0b78 113012           306 32
0309   0b7a 1f7032           307 "2CRSTRK"
0309   0b7c 043052
0309   0b7e 053054
0309   0b80 05204b
0310   0b82 1e006b           308 XEQ 47
0310   0b84 0af
0311   0b85 113012           309 32
0312   0b87 1f7032           310 "2CRSTRK"
0312   0b89 043052
0312   0b8b 053054
0312   0b8d 05204b
0313   0b8f 1e005e           311 XEQ 47
0313   0b91 0af
0314   0b92 113013           312 33
0315   0b94 1f7036           313 "6DEPLAT"
0315   0b96 044045
0315   0b98 05004c
0315   0b9a 041054
0316   0b9c 1e0051           314 XEQ 47
0316   0b9e 0af
0317   0b9f 113014           315 34
0318   0ba1 1f7036           316 "6DEPLON"
0318   0ba3 044045
0318   0ba5 05004c
0318   0ba7 04f04e
0319   0ba9 1e0044           317 XEQ 47
0319   0bab 0af
0320   0bac 113015           318 35
0321   0bae 1f7036           319 "6DSTLAT"
0321   0bb0 044053
0321   0bb2 05404c
0321   0bb4 041054
0322   0bb6 1e0037           320 XEQ 47
0322   0bb8 0af
0323   0bb9 113016           321 36
0324   0bbb 1f7036           322 "6DSTLON"
0324   0bbd 044053
0324   0bbf 05404c
0324   0bc1 04f04e
0325   0bc3 1e002a           323 XEQ 47
0325   0bc5 0af
0326   0bc6 113017           324 37
0327   0bc8 1f7030           325 "0CLSWPT"
0327   0bca 04304c
0327   0bcc 053057
0327   0bce 050054
0328   0bd0 1e001d           326 XEQ 47
0328   0bd2 0af
0329   0bd3 113018           327 38
0330   0bd5 1f7032           328 "2CLSBRG"
0330   0bd7 04304c
0330   0bd9 053042
0330   0bdb 052047
0331   0bdd 1e0010           329 XEQ 47
0331   0bdf 0af
0332   0be0 113019           330 39
0333   0be2 1f7032           331 "2CLSDST"
0333   0be4 04304c
0333   0be6 053044
0333   0be8 053054
0334   0bea 1e0003           332 XEQ 47
0334   0bec 0af
0335   0bed 185              333 RTN
0336   0bee 1cf02f           334 LBL 47
0337   0bf0 1f207f           335 >":"
0337   0bf2 03a
0338   0bf3 1900f3           336 RCL IND X
0339   0bf5 1a6047           337 ATOX
0340   0bf7 19a071           338 ASTO Z
0341   0bf9 171              339 X<>Y
0342   0bfa 19c000           340 FIX 00
0343   0bfc 1ae0f2           341 XEQ IND Y
0344   0bfe 17e              342 AVIEW
0345   0bff 189              343 PSE
0346   0c00 185              344 RTN
0347   0c01 1cf030           345 LBL 48
0348   0c03 19b073           346 ARCL X
0349   0c05 185              347 RTN
0350   0c06 1cf031           348 LBL 49
0351   0c08 19b073           349 ARCL X
0352   0c0a 1f407f           350 >"KTS"
0352   0c0c 04b054
0352   0c0e 053
0353   0c0f 185              351 RTN
0354   0c10 1cf032           352 LBL 50
0355   0c12 19b073           353 ARCL X
0356   0c14 1f307f           354 >"NM"
0356   0c16 04e04d
0357   0c18 185              355 RTN
0358   0c19 1cf033           356 LBL 51
0359   0c1b 1cf034           357 LBL 52
0360   0c1d 1cf038           358 LBL 56
0361   0c1f 1cf039           359 LBL 57
0362   0c21 19b073           360 ARCL X
0363   0c23 185              361 RTN
0364   0c24 1cf035           362 LBL 53
0365   0c26 1a6087           363 CLK24
0366   0c28 19c004           364 FIX 04
0367   0c2a 1a6084           365 ATIME
0368   0c2c 185              366 RTN
0369   0c2d 1cf036           367 LBL 54
0370   0c2f 1cf037           368 LBL 55
0371   0c31 19c004           369 FIX 04
0372   0c33 16c              370 HMS
0373   0c34 1a6085           371 ATIME24
0374   0c36 185              372 RTN
0375   0c37 1c8051           373 LBL "RADIUS"
0375   0c39 0f7000
0375   0c3b 052041
0375   0c3d 044049
0375   0c3f 055053
0376   0c41 19c000           374 FIX 00
0377   0c43 110              375 0
0378   0c44 19102f           376 STO 47
0379   0c46 1fa045           377 "ENDUR HRS?"
0379   0c48 04e044
0379   0c4a 055052
0379   0c4c 020048
0379   0c4e 052053
0379   0c50 03f
0380   0c51 18e              378 PROMPT
0381   0c52 191027           379 STO 39
0382   0c54 1f7041           380 "AIRSPD?"
0382   0c56 049052
0382   0c58 053050
0382   0c5a 04403f
0383   0c5c 18e              381 PROMPT
0384   0c5d 139              382 STO 09
0385   0c5e 1a20c8           383 XROM 11,8
0386   0c60 1a20c9           384 XROM 11,9
0387   0c62 1a20d9           385 XROM 11,25
0388   0c64 1cf05b           386 LBL 91
0389   0c66 19002f           387 RCL 47
0390   0c68 133              388 STO 03
0391   0c69 1a20da           389 XROM 11,26
0392   0c6b 127              390 RCL 07
0393   0c6c 191025           391 STO 37
0394   0c6e 123              392 RCL 03
0395   0c6f 111018           393 180
0395   0c71 010
0396   0c72 140              394 +
0397   0c73 113016           395 360
0397   0c75 010
0398   0c76 14b              396 MOD
0399   0c77 133              397 STO 03
0400   0c78 1a20da           398 XROM 11,26
0401   0c7a 1f7043           399 "COURSE:"
0401   0c7c 04f055
0401   0c7e 052053
0401   0c80 04503a
0402   0c82 19002f           400 RCL 47
0403   0c84 1e004c           401 XEQ 35
0403   0c86 0a3
0404   0c87 17e              402 AVIEW
0405   0c88 189              403 PSE
0406   0c89 189              404 PSE
0407   0c8a 127              405 RCL 07
0408   0c8b 191026           406 STO 38
0409   0c8d 190027           407 RCL 39
0410   0c8f 142              408 *
0411   0c90 190026           409 RCL 38
0412   0c92 190025           410 RCL 37
0413   0c94 140              411 +
0414   0c95 143              412 /
0415   0c96 190025           413 RCL 37
0416   0c98 142              414 *
0417   0c99 1f8020           415 " RADIUS:"
0417   0c9b 052041
0417   0c9d 044049
0417   0c9f 055053
0417   0ca1 03a
0418   0ca2 1e002e           416 XEQ 35
0418   0ca4 0a3
0419   0ca5 1f307f           417 >"NM"
0419   0ca7 04e04d
0420   0ca9 17e              418 AVIEW
0421   0caa 189              419 PSE
0422   0cab 189              420 PSE
0423   0cac 190025           421 RCL 37
0424   0cae 190027           422 RCL 39
0425   0cb0 142              423 *
0426   0cb1 1f8020           424 "  RANGE:"
0426   0cb3 020052
0426   0cb5 04104e
0426   0cb7 047045
0426   0cb9 03a
0427   0cba 1e0016           425 XEQ 35
0427   0cbc 0a3
0428   0cbd 1f307f           426 >"NM"
0428   0cbf 04e04d
0429   0cc1 17e              427 AVIEW
0430   0cc2 19002f           428 RCL 47
0431   0cc4 113010           429 30
0432   0cc6 140              430 +
0433   0cc7 19102f           431 STO 47
0434   0cc9 113016           432 360
0434   0ccb 010
0435   0ccc 145              433 X>Y?
0436   0ccd 1d006a           434 GTO 91
0436   0ccf 05b
0437   0cd0 185              435 RTN
0438   0cd1 1cf023           436 LBL 35
0439   0cd3 19c000           437 FIX 00
0440   0cd5 119019           438 99
0441   0cd7 171              439 X<>Y
0442   0cd8 145              440 X>Y?
0443   0cd9 1d000e           441 GTO 85
0443   0cdb 0d5
0444   0cdc 1f207f           442 >"0"
0444   0cde 030
0445   0cdf 119              443 9
0446   0ce0 171              444 X<>Y
0447   0ce1 145              445 X>Y?
0448   0ce2 1d0005           446 GTO 85
0448   0ce4 0d5
0449   0ce5 1f207f           447 >"0"
0449   0ce7 030
0450   0ce8 1cf055           448 LBL 85
0451   0cea 19b073           449 ARCL X
0452   0cec 185              450 RTN
0453   0ced 1c001a           451 LBL "HACKV1"
0453   0cef 0f7000
0453   0cf1 048041
0453   0cf3 04304b
0453   0cf5 056031
0454   0cf7 1a609c           452 TIME
0455   0cf9 19101c           453 STO 28
0456   0cfb 19101d           454 STO 29
0457   0cfd 1a8001           455 SF 01
0458   0cff 185              456 RTN
0459   0d00 1ca002           457 LBL "HACKV2"
0459   0d02 0f7000
0459   0d04 048041
0459   0d06 04304b
0459   0d08 056032
0460   0d0a 1a609c           458 TIME
0461   0d0c 19101d           459 STO 29
0462   0d0e 1ad001           460 FC? 01
0463   0d10 1d002c           461 GTO 80
0463   0d12 0d0
0464   0d13 1f9042           462 "BRNG CHG?"
0464   0d15 05204e
0464   0d17 047020
0464   0d19 043048
0464   0d1b 04703f
0465   0d1d 18e              463 PROMPT
0466   0d1e 19101a           464 STO 26
0467   0d20 19001d           465 RCL 29
0468   0d22 19001c           466 RCL 28
0469   0d24 14a              467 HMS-
0470   0d25 16d              468 HR
0471   0d26 116010           469 60
0472   0d28 142              470 *
0473   0d29 128              471 RCL 08
0474   0d2a 142              472 *
0475   0d2b 19001a           473 RCL 26
0476   0d2d 143              474 /
0477   0d2e 19c001           475 FIX 01
0478   0d30 1f5044           476 "DIST="
0478   0d32 049053
0478   0d34 05403d
0479   0d36 19b073           477 ARCL X
0480   0d38 1f307f           478 >"NM"
0480   0d3a 04e04d
0481   0d3c 17e              479 AVIEW
0482   0d3d 1cf050           480 LBL 80
0483   0d3f 185              481 RTN
0520   0d40 1c2009           482 LBL "PRGKEY"
0520   0d42 0f7000
0520   0d44 050052
0520   0d46 04704b
0520   0d48 045059
0521   0d4a 1f6053           483 "SLANTR"
0521   0d4c 04c041
0521   0d4e 04e054
0521   0d50 052
0522   0d51 11c011           484 -11
0522   0d53 011
0523   0d54 1a605a           485 PASN
0524   0d56 1f6050           486 "PREFLT"
0524   0d58 052045
0524   0d5a 04604c
0524   0d5c 054
0525   0d5d 11c011           487 -13
0525   0d5f 013
0526   0d60 1a605a           488 PASN
0527   0d62 1f6046           489 "FCSTWD"
0527   0d64 043053
0527   0d66 054057
0527   0d68 044
0528   0d69 11c011           490 -14
0528   0d6b 014
0529   0d6c 1a605a           491 PASN
0530   0d6e 1f6048           492 "HACKTO"
0530   0d70 041043
0530   0d72 04b054
0530   0d74 04f
0531   0d75 11c012           493 -21
0531   0d77 011
0532   0d78 1a605a           494 PASN
0533   0d7a 1f6048           495 "HACKC1"
0533   0d7c 041043
0533   0d7e 04b043
0533   0d80 031
0534   0d81 11c012           496 -24
0534   0d83 014
0535   0d84 1a605a           497 PASN
0536   0d86 1f6048           498 "HACKC2"
0536   0d88 041043
0536   0d8a 04b043
0536   0d8c 032
0537   0d8d 11c012           499 -25
0537   0d8f 015
0538   0d90 1a605a           500 PASN
0539   0d92 1f6041           501 "ALTMTR"
0539   0d94 04c054
0539   0d96 04d054
0539   0d98 052
0540   0d99 11c011           502 -15
0540   0d9b 015
0541   0d9c 1a605a           503 PASN
0542   0d9e 1f6056           504 "VOR1B1"
0542   0da0 04f052
0542   0da2 031042
0542   0da4 031
0543   0da5 11c013           505 -33
0543   0da7 013
0544   0da8 1a605a           506 PASN
0545   0daa 1f6056           507 "VOR1B2"
0545   0dac 04f052
0545   0dae 031042
0545   0db0 032
0546   0db1 11c013           508 -34
0546   0db3 014
0547   0db4 1a605a           509 PASN
0548   0db6 1f6056           510 "VOR2B1"
0548   0db8 04f052
0548   0dba 032042
0548   0dbc 031
0549   0dbd 11c013           511 -35
0549   0dbf 015
0550   0dc0 1a605a           512 PASN
0551   0dc2 1f604f           513 "OUTPUT"
0551   0dc4 055054
0551   0dc6 050055
0551   0dc8 054
0552   0dc9 11c014           514 -42
0552   0dcb 012
0553   0dcc 1a605a           515 PASN
0554   0dce 1f6044           516 "DISPLY"
0554   0dd0 049053
0554   0dd2 05004c
0554   0dd4 059
0555   0dd5 11c014           517 -43
0555   0dd7 013
0556   0dd8 1a605a           518 PASN
0557   0dda 1f6045           519 "ENDFLT"
0557   0ddc 04e044
0557   0dde 04604c
0557   0de0 054
0558   0de1 11c015           520 -51
0558   0de3 011
0559   0de4 1a605a           521 PASN
0560   0de6 185              522 RTN
0561   0de7 1cc017           523 END
0561   0de9 22f
0000   0dea                      SECTION RPN
0000   0dea 007270               ;; COPY header
0003   0dec 1c6000            01 LBL "ABOUT"
0003   0dee 0f6000
0003   0df0 041042
0003   0df2 04f055
0003   0df4 054
0004   0df5 1fe043            02 "COPYRIGHT 2014"
0004   0df7 04f050
0004   0df9 059052
0004   0dfb 049047
0004   0dfd 048054
0004   0dff 020032
0004   0e01 030031
0004   0e03 034
0005   0e04 17e               03 AVIEW
0006   0e05 189               04 PSE
0007   0e06 189               05 PSE
0008   0e07 1fe054            06 "TODD W DECKARD"
0008   0e09 04f044
0008   0e0b 044020
0008   0e0d 057020
0008   0e0f 044045
0008   0e11 04304b
0008   0e13 041052
0008   0e15 044
0009   0e16 17e               07 AVIEW
0010   0e17 189               08 PSE
0011   0e18 189               09 PSE
0012   0e19 185               10 RTN
0013   0e1a 1c8006            11 END
0013   0e1c 22f
0012   0e1d                      section Code
0013   0e1d        ;;; Make an empty name function for the module to show up in CAT 2
0014   0e1d 082031               name  "SLANTR 1B" ; The name of the module
0014   0e1f 020012
0014   0e21 01400e
0014   0e23 00100c
0014   0e25 013
0015   0e26 3e0    header:       rtn
0016   0e27
0017   0ff4                      section TAIL
0018   0ff4        ;;; Tail of the module with empty poll points and module ID
0019   0ff4 000000               con   0,0,0,0,0,0,0
0019   0ff6 000000
0019   0ff8 000000
0019   0ffa 000
0020   0ffb 002031               text  "B1RS"          ; SR1B
0020   0ffd 012013
0000   0fff 04e    ;;; Linker generated checksum
