###############################################################################
#                                                                             #
# HP-41 RPN compiler                                    01/Feb/2014  15:52:59 #
#                                                                             #
# Command Line: -I../module-descriptor rnavfx.rpn                             #
#                                                                             #
###############################################################################

0000   0000                      SECTION FAT
0000   0000 ......               FATRPN  "RNAVFX"
0000   0002 ......               FATRPN  "HACKFX"
0000   0004 ......               FATRPN  "COURSE"
0000   0006 ......               FATRPN  "WAYPTS"
0000   0008 ......               FATRPN  "FLTPLN"
0000   000a ......               FATRPN  "LEGPLN"
0000   000c ......               FATRPN  "*WAYPTS"
0000   000e ......               FATRPN  "FLYLEG"
0000   0010 ......               FATRPN  "SAVERG"
0000   0012 ......               FATRPN  "READRG"
0000   0014 ......               FATRPN  "SUSPND"
0000   0016 ......               FATRPN  "RESUME"
0000   0018 ......               FATRPN  "CATPLN"
0000   001a ......               FATRPN  "DISPLY"
0000   001c ......               FATRPN  "RADIUS"
0000   001e ......               FATRPN  "HACKV1"
0000   0020 ......               FATRPN  "HACKV2"
0000   0022 ......               FATRPN  "PRGKEY"
0000   0000                      SECTION RPN
0000   0000 0e5260               ;; COPY header
0003   0002 1c8000            01 LBL "RNAVFX"
0003   0004 0f7000
0003   0006 05204e
0003   0008 041056
0003   000a 046058
0004   000c 1c6001            02 LBL "HACKFX"
0004   000e 0f7000
0004   0010 048041
0004   0012 04304b
0004   0014 046058
0005   0016 1a609c            03 TIME
0006   0018 19101d            04 STO 29
0007   001a 1f4046            05 "FIX?"
0007   001c 049058
0007   001e 03f
0008   001f 17e               06 AVIEW
0009   0020 18c               07 AON
0010   0021 184               08 STOP
0011   0022 18b               09 AOFF
0012   0023 19a018            10 ASTO 24
0013   0025 110               11 0
0014   0026 1a606b            12 SEEKPTA
0015   0028 114011            13 41.042
0015   002a 01a010
0015   002c 014012
0016   002e 1a6055            14 GETRX
0017   0030 1fa042            15 "BRNG FROM?"
0017   0032 05204e
0017   0034 047020
0017   0036 046052
0017   0038 04f04d
0017   003a 03f
0018   003b 18e               16 PROMPT
0019   003c 19102d            17 STO 45
0020   003e 1f9044            18 "DISTANCE?"
0020   0040 049053
0020   0042 054041
0020   0044 04e043
0020   0046 04503f
0021   0048 18e               19 PROMPT
0022   0049 19102e            20 STO 46
0023   004b 1a20d2            21 XROM 11,18
0024   004d 1e0006            22 XEQ 65
0024   004f 0c1
0025   0050 1e103f            23 XEQ 86
0025   0052 0d6
0026   0053 185               24 RTN
0027   0054 1cf041            25 LBL 65
0028   0056 19002b            26 RCL 43
0029   0058 191011            27 STO 17
0030   005a 191014            28 STO 20
0031   005c 19002c            29 RCL 44
0032   005e 191012            30 STO 18
0033   0060 191015            31 STO 21
0034   0062 19001d            32 RCL 29
0035   0064 191016            33 STO 22
0036   0066 191017            34 STO 23
0037   0068 185               35 RTN
0038   0069 1c400d            36 LBL "COURSE"
0038   006b 0f7000
0038   006d 04304f
0038   006f 055052
0038   0071 053045
0039   0073 1f6053            37 "START?"
0039   0075 054041
0039   0077 052054
0039   0079 03f
0040   007a 17e               38 AVIEW
0041   007b 18c               39 AON
0042   007c 184               40 STOP
0043   007d 18b               41 AOFF
0044   007e 110               42 0
0045   007f 1a606b            43 SEEKPTA
0046   0081 114011            44 41.042
0046   0083 01a010
0046   0085 014012
0047   0087 1a6055            45 GETRX
0048   0089 1f4045            46 "END?"
0048   008b 04e044
0048   008d 03f
0049   008e 17e               47 AVIEW
0050   008f 18c               48 AON
0051   0090 184               49 STOP
0052   0091 18b               50 AOFF
0053   0092 110               51 0
0054   0093 1a606b            52 SEEKPTA
0055   0095 114013            53 43.044
0055   0097 01a010
0055   0099 014014
0056   009b 1a6055            54 GETRX
0057   009d 1a20d0            55 XROM 11,16
0058   009f 19c000            56 FIX 00
0059   00a1 1f4043            57 "CRS:"
0059   00a3 052053
0059   00a5 03a
0060   00a6 19b02d            58 ARCL 45
0061   00a8 1f507f            59 >"DIS:"
0061   00aa 044049
0061   00ac 05303a
0062   00ae 19b02e            60 ARCL 46
0063   00b0 17e               61 AVIEW
0064   00b1 189               62 PSE
0065   00b2 185               63 RTN
0066   00b3 1c800a            64 LBL "WAYPTS"
0066   00b5 0f7000
0066   00b7 057041
0066   00b9 059050
0066   00bb 054053
0067   00bd 1f6057            65 "WAYPTS"
0067   00bf 041059
0067   00c1 050054
0067   00c3 053
0068   00c4 1a8019            66 SF 25
0069   00c6 1a605f            67 PURFL
0070   00c8 116               68 6
0071   00c9 1a604a            69 CRFLAS
0072   00cb 1be0bd            70 GTO 13
0073   00cd 1ca003            71 LBL "FLTPLN"
0073   00cf 0f7000
0073   00d1 04604c
0073   00d3 054050
0073   00d5 04c04e
0074   00d7 1a20c8            72 XROM 11,8
0075   00d9 1f9041            73 "AIRSPEED?"
0075   00db 049052
0075   00dd 053050
0075   00df 045045
0075   00e1 04403f
0076   00e3 18e               74 PROMPT
0077   00e4 139               75 STO 09
0078   00e5 1a20c9            76 XROM 11,9
0079   00e7 1ca003            77 LBL "LEGPLN"
0079   00e9 0f7000
0079   00eb 04c045
0079   00ed 047050
0079   00ef 04c04e
0080   00f1 1f6046            78 "FLTPLN"
0080   00f3 04c054
0080   00f5 05004c
0080   00f7 04e
0081   00f8 1a8019            79 SF 25
0082   00fa 1a605f            80 PURFL
0083   00fc 116               81 6
0084   00fd 1a604a            82 CRFLAS
0085   00ff 1c6003            83 LBL "*WAYPTS"
0085   0101 0f8000
0085   0103 02a057
0085   0105 041059
0085   0107 050054
0085   0109 053
0086   010a 10e               84 LBL 13
0087   010b 1fc045            85 "ENTER WAYPTS"
0087   010d 04e054
0087   010f 045052
0087   0111 020057
0087   0113 041059
0087   0115 050054
0087   0117 053
0088   0118 17e               86 AVIEW
0089   0119 189               87 PSE
0090   011a 1f802e            88 ". TO END"
0090   011c 020054
0090   011e 04f020
0090   0120 04504e
0090   0122 044
0091   0123 17e               89 AVIEW
0092   0124 189               90 PSE
0093   0125 110               91 0
0094   0126 191028            92 STO 40
0095   0128 10b               93 LBL 10
0096   0129 187               94 CLA
0097   012a 190028            95 RCL 40
0098   012c 114018            96 48
0099   012e 140               97 +
0100   012f 1a606f            98 XTOA
0101   0131 1fa07f            99 >": WAYPNT?"
0101   0133 03a020
0101   0135 057041
0101   0137 059050
0101   0139 04e054
0101   013b 03f
0102   013c 17e              100 AVIEW
0103   013d 18c              101 AON
0104   013e 184              102 STOP
0105   013f 18b              103 AOFF
0106   0140 19a029           104 ASTO 41
0107   0142 1a6041           105 ALENG
0108   0144 112              106 2
0109   0145 145              107 X>Y?
0110   0146 1be093           108 GTO 13
0111   0148 1a6071           109 ASROOM
0112   014a 114              110 4
0113   014b 144              111 X<Y?
0114   014c 1bc085           112 GTO 11
0115   014e 1a604f           113 FLSIZE
0116   0150 116              114 6
0117   0151 1a6077           115 RESZFL
0118   0153 10c              116 LBL 11
0119   0154 1a6044           117 APPREC
0120   0156 111              118 1
0121   0157 192028           119 ST+ 40
0122   0159 1bb033           120 GTO 10
0123   015b 10e              121 LBL 13
0124   015c 185              122 RTN
0125   015d 1c600d           123 LBL "FLYLEG"
0125   015f 0f7000
0125   0161 04604c
0125   0163 05904c
0125   0165 045047
0126   0167 1f404c           124 "LEG?"
0126   0169 045047
0126   016b 03f
0127   016c 18e              125 PROMPT
0128   016d 191028           126 STO 40
0129   016f 1f6046           127 "FLTPLN"
0129   0171 04c054
0129   0173 05004c
0129   0175 04e
0130   0176 1a606b           128 SEEKPTA
0131   0178 1a6054           129 GETREC
0132   017a 19a000           130 ASTO 00
0133   017c 1a6054           131 GETREC
0134   017e 19a001           132 ASTO 01
0135   0180 187              133 CLA
0136   0181 19b000           134 ARCL 00
0137   0183 114015           135 45
0138   0185 1a606f           136 XTOA
0139   0187 116012           137 62
0140   0189 1a606f           138 XTOA
0141   018b 19b001           139 ARCL 01
0142   018d 17e              140 AVIEW
0143   018e 1a20ce           141 XROM 11,14
0144   0190 1cf056           142 LBL 86
0145   0192 1a20d8           143 XROM 11,24
0146   0194 1a20d9           144 XROM 11,25
0147   0196 1a20cf           145 XROM 11,15
0148   0198 1a20da           146 XROM 11,26
0149   019a 1a20cc           147 XROM 11,12
0150   019c 1a20ca           148 XROM 11,10
0151   019e 185              149 RTN
0152   019f 1c6009           150 LBL "SAVERG"
0152   01a1 0f7000
0152   01a3 053041
0152   01a5 056045
0152   01a7 052047
0153   01a9 1f6053           151 "SAVREG"
0153   01ab 041056
0153   01ad 052045
0153   01af 047
0154   01b0 1a8019           152 SF 25
0155   01b2 1a605f           153 PURFL
0156   01b4 114010           154 40
0157   01b6 1a604b           155 CRFLD
0158   01b8 110              156 0
0159   01b9 1a606b           157 SEEKPTA
0160   01bb 11001a           158 0.039
0160   01bd 010013
0160   01bf 019
0161   01c0 1a6068           159 SAVERX
0162   01c2 185              160 RTN
0163   01c3 1c2005           161 LBL "READRG"
0163   01c5 0f7000
0163   01c7 052045
0163   01c9 041044
0163   01cb 052047
0164   01cd 1f6053           162 "SAVREG"
0164   01cf 041056
0164   01d1 052045
0164   01d3 047
0165   01d4 110              163 0
0166   01d5 1a606b           164 SEEKPTA
0167   01d7 11001a           165 0.039
0167   01d9 010013
0167   01db 019
0168   01dc 1a6055           166 GETRX
0169   01de 185              167 RTN
0170   01df 1c0004           168 LBL "SUSPND"
0170   01e1 0f7000
0170   01e3 053055
0170   01e5 053050
0170   01e7 04e044
0171   01e9 1a60a1           169 CLRALMS
0172   01eb 185              170 RTN
0173   01ec 1cc001           171 LBL "RESUME"
0173   01ee 0f7000
0173   01f0 052045
0173   01f2 053055
0173   01f4 04d045
0174   01f6 1a60a1           172 CLRALMS
0175   01f8 11a010           173 .0500
0175   01fa 015010
0175   01fc 010
0175   01fd 100                  NULL
0176   01fe 110              174 0
0177   01ff 1a609c           175 TIME
0178   0201 11a010           176 .05
0178   0203 015
0179   0204 140              177 +
0180   0205 1f405e           178 "^^M%"
0180   0207 05e04d
0180   0209 025
0181   020a 1a609d           179 XYZALM
0182   020c 185              180 RTN
0183   020d 1ca004           181 LBL "CATPLN"
0183   020f 0f7000
0183   0211 043041
0183   0213 054050
0183   0215 04c04e
0184   0217 110              182 0
0185   0218 191028           183 STO 40
0186   021a 1a9019           184 CF 25
0187   021c 1cf01f           185 LBL 31
0188   021e 1f6046           186 "FLTPLN"
0188   0220 04c054
0188   0222 05004c
0188   0224 04e
0189   0225 190028           187 RCL 40
0190   0227 1a606b           188 SEEKPTA
0191   0229 187              189 CLA
0192   022a 114018           190 48
0193   022c 140              191 +
0194   022d 1a606f           192 XTOA
0195   022f 1f307f           193 >": "
0195   0231 03a020
0196   0233 175              194 RDN
0197   0234 1a8019           195 SF 25
0198   0236 1a6045           196 ARCLREC
0199   0238 1ad019           197 FC? 25
0200   023a 1d0018           198 GTO 33
0200   023c 0a1
0201   023d 1f307f           199 >"->"
0201   023f 02d03e
0202   0241 1a8019           200 SF 25
0203   0243 1a6045           201 ARCLREC
0204   0245 1ad019           202 FC? 25
0205   0247 1d000b           203 GTO 33
0205   0249 0a1
0206   024a 17e              204 AVIEW
0207   024b 189              205 PSE
0208   024c 189              206 PSE
0209   024d 111              207 1
0210   024e 192028           208 ST+ 40
0211   0250 1d0035           209 GTO 31
0211   0252 01f
0212   0253 1cf021           210 LBL 33
0213   0255 185              211 RTN
0214   0256 1c600a           212 LBL "DISPLY"
0214   0258 0f7000
0214   025a 044049
0214   025c 053050
0214   025e 04c059
0215   0260 110              213 0
0216   0261 1f7030           214 "0DEPART"
0216   0263 044045
0216   0265 050041
0216   0267 052054
0217   0269 1e10de           215 XEQ 47
0217   026b 0af
0218   026c 111              216 1
0219   026d 1f5030           217 "0DEST"
0219   026f 044045
0219   0271 053054
0220   0273 1e10d4           218 XEQ 47
0220   0275 0af
0221   0276 112              219 2
0222   0277 1f7035           220 "5TIMOFF"
0222   0279 054049
0222   027b 04d04f
0222   027d 046046
0223   027f 1e10c8           221 XEQ 47
0223   0281 0af
0224   0282 113              222 3
0225   0283 1f7034           223 "4TRUCRS"
0225   0285 054052
0225   0287 055043
0225   0289 052053
0226   028b 1e10bc           224 XEQ 47
0226   028d 0af
0227   028e 114              225 4
0228   028f 1f6034           226 "4MAGHD"
0228   0291 04d041
0228   0293 047048
0228   0295 044
0229   0296 1e10b1           227 XEQ 47
0229   0298 0af
0230   0299 115              228 5
0231   029a 1f7032           229 "2DISTRM"
0231   029c 044049
0231   029e 053054
0231   02a0 05204d
0232   02a2 1e10a5           230 XEQ 47
0232   02a4 0af
0233   02a5 116              231 6
0234   02a6 1f7032           232 "2DISTFN"
0234   02a8 044049
0234   02aa 053054
0234   02ac 04604e
0235   02ae 1e1099           233 XEQ 47
0235   02b0 0af
0236   02b1 117              234 7
0237   02b2 1f3031           235 "1GS"
0237   02b4 047053
0238   02b6 1e1091           236 XEQ 47
0238   02b8 0af
0239   02b9 118              237 8
0240   02ba 1f4031           238 "1TAS"
0240   02bc 054041
0240   02be 053
0241   02bf 1e1088           239 XEQ 47
0241   02c1 0af
0242   02c2 119              240 9
0243   02c3 1f4031           241 "1IAS"
0243   02c5 049041
0243   02c7 053
0244   02c8 1e107f           242 XEQ 47
0244   02ca 0af
0245   02cb 111010           243 10
0246   02cd 1f6033           244 "3TEMPC"
0246   02cf 054045
0246   02d1 04d050
0246   02d3 043
0247   02d4 1e1073           245 XEQ 47
0247   02d6 0af
0248   02d7 111011           246 11
0249   02d9 1f7038           247 "8ALTSET"
0249   02db 04104c
0249   02dd 054053
0249   02df 045054
0250   02e1 1e1066           248 XEQ 47
0250   02e3 0af
0251   02e4 111012           249 12
0252   02e6 1f7039           250 "9ALTITD"
0252   02e8 04104c
0252   02ea 054049
0252   02ec 054044
0253   02ee 1e1059           251 XEQ 47
0253   02f0 0af
0254   02f1 111013           252 13
0255   02f3 1f7034           253 "4MAGVAR"
0255   02f5 04d041
0255   02f7 047056
0255   02f9 041052
0256   02fb 1e104c           254 XEQ 47
0256   02fd 0af
0257   02fe 111014           255 14
0258   0300 1f7034           256 "4WINDIR"
0258   0302 057049
0258   0304 04e044
0258   0306 049052
0259   0308 1e103f           257 XEQ 47
0259   030a 0af
0260   030b 111015           258 15
0261   030d 1f7031           259 "1WINSPD"
0261   030f 057049
0261   0311 04e053
0261   0313 050044
0262   0315 1e1032           260 XEQ 47
0262   0317 0af
0263   0318 111016           261 16
0264   031a 1f7039           262 "9DENALT"
0264   031c 044045
0264   031e 04e041
0264   0320 04c054
0265   0322 1e1025           263 XEQ 47
0265   0324 0af
0266   0325 111017           264 17
0267   0327 1f7036           265 "6FIXLAT"
0267   0329 046049
0267   032b 05804c
0267   032d 041054
0268   032f 1e1018           266 XEQ 47
0268   0331 0af
0269   0332 111018           267 18
0270   0334 1f7037           268 "7FIXLON"
0270   0336 046049
0270   0338 05804c
0270   033a 04f04e
0271   033c 1e100b           269 XEQ 47
0271   033e 0af
0272   033f 111019           270 19
0273   0341 1f7035           271 "5TIMOFF"
0273   0343 054049
0273   0345 04d04f
0273   0347 046046
0274   0349 1e00fe           272 XEQ 47
0274   034b 0af
0275   034c 112010           273 20
0276   034e 1f7036           274 "6DEDLAT"
0276   0350 044045
0276   0352 04404c
0276   0354 041054
0277   0356 1e00f1           275 XEQ 47
0277   0358 0af
0278   0359 112011           276 21
0279   035b 1f7037           277 "7DEDLON"
0279   035d 044045
0279   035f 04404c
0279   0361 04f04e
0280   0363 1e00e4           278 XEQ 47
0280   0365 0af
0281   0366 112012           279 22
0282   0368 1f7035           280 "5DEDTIM"
0282   036a 044045
0282   036c 044054
0282   036e 04904d
0283   0370 1e00d7           281 XEQ 47
0283   0372 0af
0284   0373 112013           282 23
0285   0375 1f7035           283 "5LASTIM"
0285   0377 04c041
0285   0379 053054
0285   037b 04904d
0286   037d 1e00ca           284 XEQ 47
0286   037f 0af
0287   0380 112014           285 24
0288   0382 1f7030           286 "0LSTFIX"
0288   0384 04c053
0288   0386 054046
0288   0388 049058
0289   038a 1e00bd           287 XEQ 47
0289   038c 0af
0290   038d 112015           288 25
0291   038f 1f4030           289 "0VOR"
0291   0391 05604f
0291   0393 052
0292   0394 1e00b3           290 XEQ 47
0292   0396 0af
0293   0397 112016           291 26
0294   0399 1f6034           292 "4BRNG1"
0294   039b 042052
0294   039d 04e047
0294   039f 031
0295   03a0 1e00a7           293 XEQ 47
0295   03a2 0af
0296   03a3 112017           294 27
0297   03a5 1f6034           295 "4BRNG2"
0297   03a7 042052
0297   03a9 04e047
0297   03ab 032
0298   03ac 1e009b           296 XEQ 47
0298   03ae 0af
0299   03af 112019           297 29
0300   03b1 1f6035           298 "5TIME2"
0300   03b3 054049
0300   03b5 04d045
0300   03b7 032
0301   03b8 1e008f           299 XEQ 47
0301   03ba 0af
0302   03bb 113010           300 30
0303   03bd 1f5030           301 "0VOR2"
0303   03bf 05604f
0303   03c1 052032
0304   03c3 1e0084           302 XEQ 47
0304   03c5 0af
0305   03c6 113011           303 31
0306   03c8 1f6034           304 "4BRNG3"
0306   03ca 042052
0306   03cc 04e047
0306   03ce 033
0307   03cf 1e0078           305 XEQ 47
0307   03d1 0af
0308   03d2 113012           306 32
0309   03d4 1f7032           307 "2CRSTRK"
0309   03d6 043052
0309   03d8 053054
0309   03da 05204b
0310   03dc 1e006b           308 XEQ 47
0310   03de 0af
0311   03df 113012           309 32
0312   03e1 1f7032           310 "2CRSTRK"
0312   03e3 043052
0312   03e5 053054
0312   03e7 05204b
0313   03e9 1e005e           311 XEQ 47
0313   03eb 0af
0314   03ec 113013           312 33
0315   03ee 1f7036           313 "6DEPLAT"
0315   03f0 044045
0315   03f2 05004c
0315   03f4 041054
0316   03f6 1e0051           314 XEQ 47
0316   03f8 0af
0317   03f9 113014           315 34
0318   03fb 1f7036           316 "6DEPLON"
0318   03fd 044045
0318   03ff 05004c
0318   0401 04f04e
0319   0403 1e0044           317 XEQ 47
0319   0405 0af
0320   0406 113015           318 35
0321   0408 1f7036           319 "6DSTLAT"
0321   040a 044053
0321   040c 05404c
0321   040e 041054
0322   0410 1e0037           320 XEQ 47
0322   0412 0af
0323   0413 113016           321 36
0324   0415 1f7036           322 "6DSTLON"
0324   0417 044053
0324   0419 05404c
0324   041b 04f04e
0325   041d 1e002a           323 XEQ 47
0325   041f 0af
0326   0420 113017           324 37
0327   0422 1f7030           325 "0CLSWPT"
0327   0424 04304c
0327   0426 053057
0327   0428 050054
0328   042a 1e001d           326 XEQ 47
0328   042c 0af
0329   042d 113018           327 38
0330   042f 1f7032           328 "2CLSBRG"
0330   0431 04304c
0330   0433 053042
0330   0435 052047
0331   0437 1e0010           329 XEQ 47
0331   0439 0af
0332   043a 113019           330 39
0333   043c 1f7032           331 "2CLSDST"
0333   043e 04304c
0333   0440 053044
0333   0442 053054
0334   0444 1e0003           332 XEQ 47
0334   0446 0af
0335   0447 185              333 RTN
0336   0448 1cf02f           334 LBL 47
0337   044a 1f207f           335 >":"
0337   044c 03a
0338   044d 1900f3           336 RCL IND X
0339   044f 1a6047           337 ATOX
0340   0451 19a071           338 ASTO Z
0341   0453 171              339 X<>Y
0342   0454 19c000           340 FIX 00
0343   0456 1ae0f2           341 XEQ IND Y
0344   0458 17e              342 AVIEW
0345   0459 189              343 PSE
0346   045a 185              344 RTN
0347   045b 1cf030           345 LBL 48
0348   045d 19b073           346 ARCL X
0349   045f 185              347 RTN
0350   0460 1cf031           348 LBL 49
0351   0462 19b073           349 ARCL X
0352   0464 1f407f           350 >"KTS"
0352   0466 04b054
0352   0468 053
0353   0469 185              351 RTN
0354   046a 1cf032           352 LBL 50
0355   046c 19b073           353 ARCL X
0356   046e 1f307f           354 >"NM"
0356   0470 04e04d
0357   0472 185              355 RTN
0358   0473 1cf033           356 LBL 51
0359   0475 1cf034           357 LBL 52
0360   0477 1cf038           358 LBL 56
0361   0479 1cf039           359 LBL 57
0362   047b 19b073           360 ARCL X
0363   047d 185              361 RTN
0364   047e 1cf035           362 LBL 53
0365   0480 1a6087           363 CLK24
0366   0482 19c004           364 FIX 04
0367   0484 1a6084           365 ATIME
0368   0486 185              366 RTN
0369   0487 1cf036           367 LBL 54
0370   0489 1cf037           368 LBL 55
0371   048b 19c004           369 FIX 04
0372   048d 16c              370 HMS
0373   048e 1a6085           371 ATIME24
0374   0490 185              372 RTN
0375   0491 1c8051           373 LBL "RADIUS"
0375   0493 0f7000
0375   0495 052041
0375   0497 044049
0375   0499 055053
0376   049b 19c000           374 FIX 00
0377   049d 110              375 0
0378   049e 19102f           376 STO 47
0379   04a0 1fa045           377 "ENDUR HRS?"
0379   04a2 04e044
0379   04a4 055052
0379   04a6 020048
0379   04a8 052053
0379   04aa 03f
0380   04ab 18e              378 PROMPT
0381   04ac 191027           379 STO 39
0382   04ae 1f7041           380 "AIRSPD?"
0382   04b0 049052
0382   04b2 053050
0382   04b4 04403f
0383   04b6 18e              381 PROMPT
0384   04b7 139              382 STO 09
0385   04b8 1a20c8           383 XROM 11,8
0386   04ba 1a20c9           384 XROM 11,9
0387   04bc 1a20d9           385 XROM 11,25
0388   04be 1cf05b           386 LBL 91
0389   04c0 19002f           387 RCL 47
0390   04c2 133              388 STO 03
0391   04c3 1a20da           389 XROM 11,26
0392   04c5 127              390 RCL 07
0393   04c6 191025           391 STO 37
0394   04c8 123              392 RCL 03
0395   04c9 111018           393 180
0395   04cb 010
0396   04cc 140              394 +
0397   04cd 113016           395 360
0397   04cf 010
0398   04d0 14b              396 MOD
0399   04d1 133              397 STO 03
0400   04d2 1a20da           398 XROM 11,26
0401   04d4 1f7043           399 "COURSE:"
0401   04d6 04f055
0401   04d8 052053
0401   04da 04503a
0402   04dc 19002f           400 RCL 47
0403   04de 1e004c           401 XEQ 35
0403   04e0 0a3
0404   04e1 17e              402 AVIEW
0405   04e2 189              403 PSE
0406   04e3 189              404 PSE
0407   04e4 127              405 RCL 07
0408   04e5 191026           406 STO 38
0409   04e7 190027           407 RCL 39
0410   04e9 142              408 *
0411   04ea 190026           409 RCL 38
0412   04ec 190025           410 RCL 37
0413   04ee 140              411 +
0414   04ef 143              412 /
0415   04f0 190025           413 RCL 37
0416   04f2 142              414 *
0417   04f3 1f8020           415 " RADIUS:"
0417   04f5 052041
0417   04f7 044049
0417   04f9 055053
0417   04fb 03a
0418   04fc 1e002e           416 XEQ 35
0418   04fe 0a3
0419   04ff 1f307f           417 >"NM"
0419   0501 04e04d
0420   0503 17e              418 AVIEW
0421   0504 189              419 PSE
0422   0505 189              420 PSE
0423   0506 190025           421 RCL 37
0424   0508 190027           422 RCL 39
0425   050a 142              423 *
0426   050b 1f8020           424 "  RANGE:"
0426   050d 020052
0426   050f 04104e
0426   0511 047045
0426   0513 03a
0427   0514 1e0016           425 XEQ 35
0427   0516 0a3
0428   0517 1f307f           426 >"NM"
0428   0519 04e04d
0429   051b 17e              427 AVIEW
0430   051c 19002f           428 RCL 47
0431   051e 113010           429 30
0432   0520 140              430 +
0433   0521 19102f           431 STO 47
0434   0523 113016           432 360
0434   0525 010
0435   0526 145              433 X>Y?
0436   0527 1d006a           434 GTO 91
0436   0529 05b
0437   052a 185              435 RTN
0438   052b 1cf023           436 LBL 35
0439   052d 19c000           437 FIX 00
0440   052f 119019           438 99
0441   0531 171              439 X<>Y
0442   0532 145              440 X>Y?
0443   0533 1d000e           441 GTO 85
0443   0535 0d5
0444   0536 1f207f           442 >"0"
0444   0538 030
0445   0539 119              443 9
0446   053a 171              444 X<>Y
0447   053b 145              445 X>Y?
0448   053c 1d0005           446 GTO 85
0448   053e 0d5
0449   053f 1f207f           447 >"0"
0449   0541 030
0450   0542 1cf055           448 LBL 85
0451   0544 19b073           449 ARCL X
0452   0546 185              450 RTN
0453   0547 1c001a           451 LBL "HACKV1"
0453   0549 0f7000
0453   054b 048041
0453   054d 04304b
0453   054f 056031
0454   0551 1a609c           452 TIME
0455   0553 19101c           453 STO 28
0456   0555 19101d           454 STO 29
0457   0557 1a8001           455 SF 01
0458   0559 185              456 RTN
0459   055a 1ca002           457 LBL "HACKV2"
0459   055c 0f7000
0459   055e 048041
0459   0560 04304b
0459   0562 056032
0460   0564 1a609c           458 TIME
0461   0566 19101d           459 STO 29
0462   0568 1ad001           460 FC? 01
0463   056a 1d002c           461 GTO 80
0463   056c 0d0
0464   056d 1f9042           462 "BRNG CHG?"
0464   056f 05204e
0464   0571 047020
0464   0573 043048
0464   0575 04703f
0465   0577 18e              463 PROMPT
0466   0578 19101a           464 STO 26
0467   057a 19001d           465 RCL 29
0468   057c 19001c           466 RCL 28
0469   057e 14a              467 HMS-
0470   057f 16d              468 HR
0471   0580 116010           469 60
0472   0582 142              470 *
0473   0583 128              471 RCL 08
0474   0584 142              472 *
0475   0585 19001a           473 RCL 26
0476   0587 143              474 /
0477   0588 19c001           475 FIX 01
0478   058a 1f5044           476 "DIST="
0478   058c 049053
0478   058e 05403d
0479   0590 19b073           477 ARCL X
0480   0592 1f307f           478 >"NM"
0480   0594 04e04d
0481   0596 17e              479 AVIEW
0482   0597 1cf050           480 LBL 80
0483   0599 185              481 RTN
0520   059a 1c2009           482 LBL "PRGKEY"
0520   059c 0f7000
0520   059e 050052
0520   05a0 04704b
0520   05a2 045059
0521   05a4 1f6053           483 "SLANTR"
0521   05a6 04c041
0521   05a8 04e054
0521   05aa 052
0522   05ab 11c011           484 -11
0522   05ad 011
0523   05ae 1a605a           485 PASN
0524   05b0 1f6050           486 "PREFLT"
0524   05b2 052045
0524   05b4 04604c
0524   05b6 054
0525   05b7 11c011           487 -13
0525   05b9 013
0526   05ba 1a605a           488 PASN
0527   05bc 1f6046           489 "FCSTWD"
0527   05be 043053
0527   05c0 054057
0527   05c2 044
0528   05c3 11c011           490 -14
0528   05c5 014
0529   05c6 1a605a           491 PASN
0530   05c8 1f6048           492 "HACKTO"
0530   05ca 041043
0530   05cc 04b054
0530   05ce 04f
0531   05cf 11c012           493 -21
0531   05d1 011
0532   05d2 1a605a           494 PASN
0533   05d4 1f6048           495 "HACKC1"
0533   05d6 041043
0533   05d8 04b043
0533   05da 031
0534   05db 11c012           496 -24
0534   05dd 014
0535   05de 1a605a           497 PASN
0536   05e0 1f6048           498 "HACKC2"
0536   05e2 041043
0536   05e4 04b043
0536   05e6 032
0537   05e7 11c012           499 -25
0537   05e9 015
0538   05ea 1a605a           500 PASN
0539   05ec 1f6041           501 "ALTMTR"
0539   05ee 04c054
0539   05f0 04d054
0539   05f2 052
0540   05f3 11c011           502 -15
0540   05f5 015
0541   05f6 1a605a           503 PASN
0542   05f8 1f6056           504 "VOR1B1"
0542   05fa 04f052
0542   05fc 031042
0542   05fe 031
0543   05ff 11c013           505 -33
0543   0601 013
0544   0602 1a605a           506 PASN
0545   0604 1f6056           507 "VOR1B2"
0545   0606 04f052
0545   0608 031042
0545   060a 032
0546   060b 11c013           508 -34
0546   060d 014
0547   060e 1a605a           509 PASN
0548   0610 1f6056           510 "VOR2B1"
0548   0612 04f052
0548   0614 032042
0548   0616 031
0549   0617 11c013           511 -35
0549   0619 015
0550   061a 1a605a           512 PASN
0551   061c 1f604f           513 "OUTPUT"
0551   061e 055054
0551   0620 050055
0551   0622 054
0552   0623 11c014           514 -42
0552   0625 012
0553   0626 1a605a           515 PASN
0554   0628 1f6044           516 "DISPLY"
0554   062a 049053
0554   062c 05004c
0554   062e 059
0555   062f 11c014           517 -43
0555   0631 013
0556   0632 1a605a           518 PASN
0557   0634 1f6045           519 "ENDFLT"
0557   0636 04e044
0557   0638 04604c
0557   063a 054
0558   063b 11c015           520 -51
0558   063d 011
0559   063e 1a605a           521 PASN
0560   0640 185              522 RTN
0561   0641 1cc017           523 END
0561   0643 22f
