###############################################################################
#                                                                             #
# HP-41 RPN compiler                                    01/Feb/2014  15:52:59 #
#                                                                             #
# Command Line: -I../module-descriptor slantr.rpn                             #
#                                                                             #
###############################################################################

0000   0000                      SECTION FAT
0000   0000 ......               FATRPN  "SLANTR"
0000   0002 ......               FATRPN  "HACKTO"
0000   0004 ......               FATRPN  "HACKOV"
0000   0006 ......               FATRPN  "HACKC1"
0000   0008 ......               FATRPN  "HACKC2"
0000   000a ......               FATRPN  "M%"
0000   000c ......               FATRPN  "PREFLT"
0000   000e ......               FATRPN  "ALTMTR"
0000   0010 ......               FATRPN  "FCSTWD"
0000   0012 ......               FATRPN  "OUTPUT"
0000   0014 ......               FATRPN  "CATWPT"
0000   0016 ......               FATRPN  "UPDATE"
0000   0018 ......               FATRPN  "DISPLA"
0000   001a ......               FATRPN  "*INIPOS"
0000   001c ......               FATRPN  "*CRSHDG"
0000   001e ......               FATRPN  "*GCLINE"
0000   0020 ......               FATRPN  "*SIGHT"
0000   0022 ......               FATRPN  "*GCPLOT"
0000   0024 ......               FATRPN  "*DEDREC"
0000   0026 ......               FATRPN  "VOR1B1"
0000   0028 ......               FATRPN  "VOR1B2"
0000   002a ......               FATRPN  "VOR2B1"
0000   002c ......               FATRPN  "*CLSEST"
0000   002e ......               FATRPN  "*MAGVAR"
0000   0030 ......               FATRPN  "*DENALT"
0000   0032 ......               FATRPN  "*SPEEDS"
0000   0034 ......               FATRPN  "ACTWND"
0000   0036 ......               FATRPN  "ENDFLT"
0000   0000                      SECTION RPN
0000   0000 10a210               ;; COPY header
0184   0002 1c4001            01 LBL "SLANTR"
0184   0004 0f7000
0184   0006 05304c
0184   0008 04104e
0184   000a 054052
0185   000c 11a010            02 .04501
0185   000e 014015
0185   0010 010011
0186   0012 1a6072            03 CLRGX
0187   0014 1a60a1            04 CLRALMS
0188   0016 1a9000            05 CF 00
0189   0018 1a9001            06 CF 01
0190   001a 1a9002            07 CF 02
0191   001c 1a8003            08 SF 03
0192   001e 1a9004            09 CF 04
0193   0020 1a9005            10 CF 05
0194   0022 1f5054            11 "TIME?"
0194   0024 04904d
0194   0026 04503f
0195   0028 17e               12 AVIEW
0196   0029 189               13 PSE
0197   002a 187               14 CLA
0198   002b 19c004            15 FIX 04
0199   002d 1a609c            16 TIME
0200   002f 16c               17 HMS
0201   0030 1a6084            18 ATIME
0202   0032 17e               19 AVIEW
0203   0033 184               20 STOP
0204   0034 1a6097            21 SETIME
0205   0036 1e00c9            22 XEQ 26
0205   0038 09a
0206   0039 1e20f4            23 XEQ 36
0206   003b 0a4
0207   003c 1e00a1            24 XEQ 86
0207   003e 0d6
0208   003f 1a609c            25 TIME
0209   0041 132               26 STO 02
0210   0042 185               27 RTN
0214   0043 1c4009            28 LBL "HACKTO"
0214   0045 0f7000
0214   0047 048041
0214   0049 04304b
0214   004b 05404f
0215   004d 10b               29 LBL 10
0216   004e 1a609c            30 TIME
0217   0050 132               31 STO 02
0218   0051 191016            32 STO 22
0219   0053 191017            33 STO 23
0220   0055 1a60a1            34 CLRALMS
0221   0057 11a010            35 .0500
0221   0059 015010
0221   005b 010
0221   005c 100                  NULL
0222   005d 110               36 0
0223   005e 1a609c            37 TIME
0224   0060 11a010            38 .05
0224   0062 015
0225   0063 140               39 +
0226   0064 1f405e            40 "^^M%"
0226   0066 05e04d
0226   0068 025
0227   0069 1a609d            41 XYZALM
0228   006b 186               42 BEEP
0229   006c 185               43 RTN
0233   006d 1c0006            44 LBL "HACKOV"
0233   006f 0f7000
0233   0071 048041
0233   0073 04304b
0233   0075 04f056
0234   0077 10d               45 LBL 12
0235   0078 1a609c            46 TIME
0236   007a 191028            47 STO 40
0237   007c 1f804f            48 "OVER FIX"
0237   007e 056045
0237   0080 052020
0237   0082 046049
0237   0084 058
0238   0085 17e               49 AVIEW
0239   0086 18c               50 AON
0240   0087 184               51 STOP
0241   0088 18b               52 AOFF
0242   0089 19a018            53 ASTO 24
0243   008b 110               54 0
0244   008c 1a606b            55 SEEKPTA
0245   008e 111017            56 17.018
0245   0090 01a010
0245   0092 011018
0246   0094 1a6055            57 GETRX
0247   0096 190011            58 RCL 17
0248   0098 191014            59 STO 20
0249   009a 190012            60 RCL 18
0250   009c 191015            61 STO 21
0251   009e 190028            62 RCL 40
0252   00a0 191016            63 STO 22
0253   00a2 191017            64 STO 23
0254   00a4 185               65 RTN
0258   00a5 1c0008            66 LBL "HACKC1"
0258   00a7 0f7000
0258   00a9 048041
0258   00ab 04304b
0258   00ad 043031
0259   00af 1a609c            67 TIME
0260   00b1 19101d            68 STO 29
0261   00b3 185               69 RTN
0265   00b4 1c2002            70 LBL "HACKC2"
0265   00b6 0f7000
0265   00b8 048041
0265   00ba 04304b
0265   00bc 043032
0266   00be 1a609c            71 TIME
0267   00c0 19001d            72 RCL 29
0268   00c2 14a               73 HMS-
0269   00c3 16d               74 HR
0270   00c4 1f5044            75 "DIST?"
0270   00c6 049053
0270   00c8 05403f
0271   00ca 18e               76 PROMPT
0272   00cb 171               77 X<>Y
0273   00cc 143               78 /
0274   00cd 137               79 STO 07
0275   00ce 1a8005            80 SF 05
0276   00d0 185               81 RTN
0280   00d1 1c2004            82 LBL "M%"
0280   00d3 0f3000
0280   00d5 04d025
0281   00d7 1e3047            83 XEQ 38
0281   00d9 0a6
0282   00da 1e0003            84 XEQ 86
0282   00dc 0d6
0283   00dd 185               85 RTN
0284   00de 1cf056            86 LBL 86
0285   00e0 1e40f0            87 XEQ 70
0285   00e2 0c6
0286   00e3 1e5057            88 XEQ 62
0286   00e5 0be
0287   00e6 1e207d            89 XEQ 40
0287   00e8 0a8
0288   00e9 1e50cd            90 XEQ 42
0288   00eb 0aa
0289   00ec 1e407d            91 XEQ 60
0289   00ee 0bc
0290   00ef 1e1020            92 XEQ 34
0290   00f1 0a2
0291   00f2 1e00a1            93 XEQ 05
0291   00f4 085
0292   00f5 185               94 RTN
0298   00f6 1c4005            95 LBL "PREFLT"
0298   00f8 0f7000
0298   00fa 050052
0298   00fc 045046
0298   00fe 04c054
0299   0100 1cf01a            96 LBL 26
0300   0102 1f8044            97 "DEP APT?"
0300   0104 045050
0300   0106 020041
0300   0108 050054
0300   010a 03f
0301   010b 18c               98 AON
0302   010c 184               99 STOP
0303   010d 18b              100 AOFF
0304   010e 19a000           101 ASTO 00
0305   0110 1f8044           102 "DST APT?"
0305   0112 053054
0305   0114 020041
0305   0116 050054
0305   0118 03f
0306   0119 18c              103 AON
0307   011a 184              104 STOP
0308   011b 18b              105 AOFF
0309   011c 19a001           106 ASTO 01
0310   011e 1e0013           107 XEQ 96
0310   0120 0e0
0311   0121 1e0036           108 XEQ 97
0311   0123 0e1
0312   0124 1e004a           109 XEQ 98
0312   0126 0e2
0313   0127 185              110 RTN
0314   0128 1c2007           111 LBL "ALTMTR"
0314   012a 0f7000
0314   012c 04104c
0314   012e 05404d
0314   0130 054052
0315   0132 1cf060           112 LBL 96
0316   0134 1a9002           113 CF 02
0317   0136 1fb045           114 "ENR ALTITD?"
0317   0138 04e052
0317   013a 020041
0317   013c 04c054
0317   013e 049054
0317   0140 04403f
0318   0142 18e              115 PROMPT
0319   0143 13c              116 STO 12
0320   0144 1f5054           117 "TEMP?"
0320   0146 04504d
0320   0148 05003f
0321   014a 18e              118 PROMPT
0322   014b 13a              119 STO 10
0323   014c 1f8041           120 "ALT SET?"
0323   014e 04c054
0323   0150 020053
0323   0152 045054
0323   0154 03f
0324   0155 18e              121 PROMPT
0325   0156 13b              122 STO 11
0326   0157 185              123 RTN
0327   0158 1cf061           124 LBL 97
0328   015a 1f7041           125 "AIRSPD?"
0328   015c 049052
0328   015e 053050
0328   0160 04403f
0329   0162 18e              126 PROMPT
0330   0163 139              127 STO 09
0331   0164 185              128 RTN
0332   0165 1ca008           129 LBL "FCSTWD"
0332   0167 0f7000
0332   0169 046043
0332   016b 053054
0332   016d 057044
0333   016f 1cf062           130 LBL 98
0334   0171 1f9057           131 "WIND DIR?"
0334   0173 04904e
0334   0175 044020
0334   0177 044049
0334   0179 05203f
0335   017b 18e              132 PROMPT
0336   017c 13e              133 STO 14
0337   017d 1f9057           134 "WIND SPD?"
0337   017f 04904e
0337   0181 044020
0337   0183 053050
0337   0185 04403f
0338   0187 18e              135 PROMPT
0339   0188 13f              136 STO 15
0340   0189 185              137 RTN
0344   018a 1c4005           138 LBL "OUTPUT"
0344   018c 0f7000
0344   018e 04f055
0344   0190 054050
0344   0192 055054
0345   0194 106              139 LBL 05
0346   0195 186              140 BEEP
0347   0196 1f604e           141 "NAVPOS"
0347   0198 041056
0347   019a 05004f
0347   019c 053
0348   019d 1a9019           142 CF 25
0349   019f 110              143 0
0350   01a0 1a606b           144 SEEKPTA
0351   01a2 175              145 RDN
0352   01a3 1a8019           146 SF 25
0353   01a5 107              147 LBL 06
0354   01a6 1a6054           148 GETREC
0355   01a8 1ad019           149 FC? 25
0356   01aa 1b8085           150 GTO 07
0357   01ac 17e              151 AVIEW
0358   01ad 189              152 PSE
0359   01ae 189              153 PSE
0360   01af 1b700c           154 GTO 06
0361   01b1 108              155 LBL 07
0362   01b2 185              156 RTN
0366   01b3 1cc005           157 LBL "CATWPT"
0366   01b5 0f7000
0366   01b7 043041
0366   01b9 054057
0366   01bb 050054
0367   01bd 1cf01e           158 LBL 30
0368   01bf 19c004           159 FIX 04
0369   01c1 110              160 0
0370   01c2 191028           161 STO 40
0371   01c4 1a9019           162 CF 25
0372   01c6 1cf01f           163 LBL 31
0373   01c8 1f6057           164 "WAYPTS"
0373   01ca 041059
0373   01cc 050054
0373   01ce 053
0374   01cf 190028           165 RCL 40
0375   01d1 1a606b           166 SEEKPTA
0376   01d3 175              167 RDN
0377   01d4 1a8019           168 SF 25
0378   01d6 1a6054           169 GETREC
0379   01d8 17e              170 AVIEW
0380   01d9 189              171 PSE
0381   01da 1ad019           172 FC? 25
0382   01dc 1d0026           173 GTO 33
0382   01de 0a1
0383   01df 110              174 0
0384   01e0 1a606b           175 SEEKPTA
0385   01e2 114011           176 41.042
0385   01e4 01a010
0385   01e6 014012
0386   01e8 1a6055           177 GETRX
0387   01ea 190029           178 RCL 41
0388   01ec 16c              179 HMS
0389   01ed 1f304c           180 "LA="
0389   01ef 04103d
0390   01f1 1a6085           181 ATIME24
0391   01f3 17e              182 AVIEW
0392   01f4 19002a           183 RCL 42
0393   01f6 1f304c           184 "LO="
0393   01f8 04f03d
0394   01fa 1a6085           185 ATIME24
0395   01fc 17e              186 AVIEW
0396   01fd 111              187 1
0397   01fe 192028           188 ST+ 40
0398   0200 1d003b           189 GTO 31
0398   0202 01f
0399   0203 1cf021           190 LBL 33
0400   0205 185              191 RTN
0404   0206 1cc00b           192 LBL "UPDATE"
0404   0208 0f7000
0404   020a 055050
0404   020c 044041
0404   020e 054045
0405   0210 1cf022           193 LBL 34
0406   0212 1f604e           194 "NAVPOS"
0406   0214 041056
0406   0216 05004f
0406   0218 053
0407   0219 1a8019           195 SF 25
0408   021b 19c000           196 FIX 00
0409   021d 1a605f           197 PURFL
0410   021f 111012           198 12
0411   0221 1a604a           199 CRFLAS
0412   0223 1a6044           200 APPREC
0413   0225 1f8054           201 "TIMEGMT="
0413   0227 04904d
0413   0229 045047
0413   022b 04d054
0413   022d 03d
0414   022e 19c002           202 FIX 02
0415   0230 1a609c           203 TIME
0416   0232 1a6085           204 ATIME24
0417   0234 1a6044           205 APPREC
0418   0236 125              206 RCL 05
0419   0237 127              207 RCL 07
0420   0238 143              208 /
0421   0239 19c002           209 FIX 02
0422   023b 16c              210 HMS
0423   023c 187              211 CLA
0424   023d 1a6084           212 ATIME
0425   023f 1a6047           213 ATOX
0426   0241 19a029           214 ASTO 41
0427   0243 1f1043           215 "C"
0428   0245 123              216 RCL 03
0429   0246 1e004c           217 XEQ 35
0429   0248 0a3
0430   0249 1f207f           218 >"H"
0430   024b 048
0431   024c 124              219 RCL 04
0432   024d 1e0045           220 XEQ 35
0432   024f 0a3
0433   0250 1f207f           221 >"E"
0433   0252 045
0434   0253 19b029           222 ARCL 41
0435   0255 1a6044           223 APPREC
0436   0257 1f1049           224 "I"
0437   0259 129              225 RCL 09
0438   025a 1e0038           226 XEQ 35
0438   025c 0a3
0439   025d 1f207f           227 >"T"
0439   025f 054
0440   0260 128              228 RCL 08
0441   0261 1e0031           229 XEQ 35
0441   0263 0a3
0442   0264 1f207f           230 >"G"
0442   0266 047
0443   0267 127              231 RCL 07
0444   0268 1e002a           232 XEQ 35
0444   026a 0a3
0445   026b 1a6044           233 APPREC
0446   026d 1f3046           234 "FLN"
0446   026f 04c04e
0447   0271 126              235 RCL 06
0448   0272 1e0020           236 XEQ 35
0448   0274 0a3
0449   0275 1f407f           237 >"RMG"
0449   0277 05204d
0449   0279 047
0450   027a 125              238 RCL 05
0451   027b 1e0017           239 XEQ 35
0451   027d 0a3
0452   027e 1a6044           240 APPREC
0453   0280 187              241 CLA
0454   0281 19b025           242 ARCL 37
0455   0283 190027           243 RCL 39
0456   0285 1e000d           244 XEQ 35
0456   0287 0a3
0457   0288 1f207f           245 >"T"
0457   028a 054
0458   028b 190026           246 RCL 38
0459   028d 1e0005           247 XEQ 35
0459   028f 0a3
0460   0290 1a6044           248 APPREC
0461   0292 185              249 RTN
0462   0293 1cf023           250 LBL 35
0463   0295 19c000           251 FIX 00
0464   0297 119019           252 99
0465   0299 171              253 X<>Y
0466   029a 145              254 X>Y?
0467   029b 1d000e           255 GTO 85
0467   029d 0d5
0468   029e 1f207f           256 >"0"
0468   02a0 030
0469   02a1 119              257 9
0470   02a2 171              258 X<>Y
0471   02a3 145              259 X>Y?
0472   02a4 1d0005           260 GTO 85
0472   02a6 0d5
0473   02a7 1f207f           261 >"0"
0473   02a9 030
0474   02aa 1cf055           262 LBL 85
0475   02ac 19b073           263 ARCL X
0476   02ae 185              264 RTN
0480   02af 1c2018           265 LBL "DISPLA"
0480   02b1 0f7000
0480   02b3 044049
0480   02b5 053050
0480   02b7 04c041
0481   02b9 11a010           266 .03901
0481   02bb 013019
0481   02bd 010011
0482   02bf 191028           267 STO 40
0483   02c1 1cf02e           268 LBL 46
0484   02c3 190028           269 RCL 40
0485   02c5 168              270 INT
0486   02c6 1e0008           271 XEQ 47
0486   02c8 0af
0487   02c9 196028           272 ISG 40
0488   02cb 1d000b           273 GTO 46
0488   02cd 02e
0489   02ce 185              274 RTN
0490   02cf 1cf02f           275 LBL 47
0491   02d1 1f604e           276 "NAVREG"
0491   02d3 041056
0491   02d5 052045
0491   02d7 047
0492   02d8 1a606b           277 SEEKPTA
0493   02da 1a6054           278 GETREC
0494   02dc 1f207f           279 >":"
0494   02de 03a
0495   02df 1900f3           280 RCL IND X
0496   02e1 1a6047           281 ATOX
0497   02e3 19a071           282 ASTO Z
0498   02e5 171              283 X<>Y
0499   02e6 19c000           284 FIX 00
0500   02e8 1ae0f2           285 XEQ IND Y
0501   02ea 17e              286 AVIEW
0502   02eb 185              287 RTN
0503   02ec 1cf030           288 LBL 48
0504   02ee 19b073           289 ARCL X
0505   02f0 185              290 RTN
0506   02f1 1cf031           291 LBL 49
0507   02f3 19b073           292 ARCL X
0508   02f5 1f407f           293 >"KTS"
0508   02f7 04b054
0508   02f9 053
0509   02fa 185              294 RTN
0510   02fb 1cf032           295 LBL 50
0511   02fd 19b073           296 ARCL X
0512   02ff 1f407f           297 >" NM"
0512   0301 02004e
0512   0303 04d
0513   0304 185              298 RTN
0514   0305 1cf033           299 LBL 51
0515   0307 1cf034           300 LBL 52
0516   0309 1cf038           301 LBL 56
0517   030b 1cf039           302 LBL 57
0518   030d 19b073           303 ARCL X
0519   030f 185              304 RTN
0520   0310 1cf035           305 LBL 53
0521   0312 1a6087           306 CLK24
0522   0314 19c004           307 FIX 04
0523   0316 1a6084           308 ATIME
0524   0318 185              309 RTN
0525   0319 1cf036           310 LBL 54
0526   031b 1cf037           311 LBL 55
0527   031d 19c004           312 FIX 04
0528   031f 16c              313 HMS
0529   0320 1a6085           314 ATIME24
0530   0322 185              315 RTN
0536   0323 1c8010           316 LBL "*INIPOS"
0536   0325 0f8000
0536   0327 02a049
0536   0329 04e049
0536   032b 05004f
0536   032d 053
0537   032e 1cf024           317 LBL 36
0538   0330 187              318 CLA
0539   0331 19b000           319 ARCL 00
0540   0333 110              320 0
0541   0334 1a606b           321 SEEKPTA
0542   0336 113013           322 33.034
0542   0338 01a010
0542   033a 013014
0543   033c 1a6055           323 GETRX
0544   033e 187              324 CLA
0545   033f 19b001           325 ARCL 01
0546   0341 110              326 0
0547   0342 1a606b           327 SEEKPTA
0548   0344 113015           328 35.036
0548   0346 01a010
0548   0348 013016
0549   034a 1a6055           329 GETRX
0550   034c 190021           330 RCL 33
0551   034e 191011           331 STO 17
0552   0350 191014           332 STO 20
0553   0352 190022           333 RCL 34
0554   0354 191012           334 STO 18
0555   0356 191015           335 STO 21
0556   0358 185              336 RTN
0560   0359 1ca007           337 LBL "*CRSHDG"
0560   035b 0f8000
0560   035d 02a043
0560   035f 052053
0560   0361 048044
0560   0363 047
0561   0364 1cf028           338 LBL 40
0562   0366 190014           339 RCL 20
0563   0368 191029           340 STO 41
0564   036a 190015           341 RCL 21
0565   036c 19102a           342 STO 42
0566   036e 190023           343 RCL 35
0567   0370 19102b           344 STO 43
0568   0372 190024           345 RCL 36
0569   0374 19102c           346 STO 44
0570   0376 1e0022           347 XEQ 74
0570   0378 0ca
0571   0379 19002d           348 RCL 45
0572   037b 133              349 STO 03
0573   037c 19002e           350 RCL 46
0574   037e 135              351 STO 05
0575   037f 190021           352 RCL 33
0576   0381 19102b           353 STO 43
0577   0383 190022           354 RCL 34
0578   0385 19102c           355 STO 44
0579   0387 1e0011           356 XEQ 74
0579   0389 0ca
0580   038a 19002e           357 RCL 46
0581   038c 136              358 STO 06
0582   038d 185              359 RTN
0586   038e 1c8007           360 LBL "*GCLINE"
0586   0390 0f8000
0586   0392 02a047
0586   0394 04304c
0586   0396 04904e
0586   0398 045
0587   0399 1cf04a           361 LBL 74
0588   039b 19002c           362 RCL 44
0589   039d 19002a           363 RCL 42
0590   039f 141              364 -
0591   03a0 190029           365 RCL 41
0592   03a2 19002b           366 RCL 43
0593   03a4 1e0022           367 XEQ 78
0593   03a6 0ce
0594   03a7 119010           368 90
0595   03a9 141              369 -
0596   03aa 154              370 CHS
0597   03ab 116010           371 60
0598   03ad 142              372 *
0599   03ae 171              373 X<>Y
0600   03af 113016           374 360
0600   03b1 010
0601   03b2 14b              375 MOD
0602   03b3 171              376 X<>Y
0603   03b4 19c005           377 FIX 05
0604   03b6 16e              378 RND
0605   03b7 19102e           379 STO 46
0606   03b9 171              380 X<>Y
0607   03ba 19102d           381 STO 45
0608   03bc 185              382 RTN
0612   03bd 1ca006           383 LBL "*SIGHT"
0612   03bf 0f7000
0612   03c1 02a053
0612   03c3 049047
0612   03c5 048054
0613   03c7 1cf04e           384 LBL 78
0614   03c9 111              385 1
0615   03ca 14e              386 P-R
0616   03cb 174              387 R^
0617   03cc 171              388 X<>Y
0618   03cd 14e              389 P-R
0619   03ce 174              390 R^
0620   03cf 191028           391 STO 40
0621   03d1 171              392 X<>Y
0622   03d2 14e              393 P-R
0623   03d3 1ce028           394 X<> 40
0624   03d5 174              395 R^
0625   03d6 14e              396 P-R
0626   03d7 1ce028           397 X<> 40
0627   03d9 140              398 +
0628   03da 1ce028           399 X<> 40
0629   03dc 141              400 -
0630   03dd 14f              401 R-P
0631   03de 175              402 RDN
0632   03df 111018           403 180
0632   03e1 010
0633   03e2 140              404 +
0634   03e3 190028           405 RCL 40
0635   03e5 15c              406 ASIN
0636   03e6 185              407 RTN
0640   03e7 1c0006           408 LBL "*GCPLOT"
0640   03e9 0f8000
0640   03eb 02a047
0640   03ed 043050
0640   03ef 04c04f
0640   03f1 054
0641   03f2 1cf04c           409 LBL 76
0642   03f4 19002d           410 RCL 45
0643   03f6 119010           411 90
0644   03f8 19002e           412 RCL 46
0645   03fa 116010           413 60
0646   03fc 143              414 /
0647   03fd 141              415 -
0648   03fe 190029           416 RCL 41
0649   0400 171              417 X<>Y
0650   0401 1e003b           418 XEQ 78
0650   0403 04e
0651   0404 19102b           419 STO 43
0652   0406 171              420 X<>Y
0653   0407 19002a           421 RCL 42
0654   0409 140              422 +
0655   040a 111              423 1
0656   040b 14e              424 P-R
0657   040c 14f              425 R-P
0658   040d 171              426 X<>Y
0659   040e 19c005           427 FIX 05
0660   0410 16e              428 RND
0661   0411 19102c           429 STO 44
0662   0413 185              430 RTN
0666   0414 1c6006           431 LBL "*DEDREC"
0666   0416 0f8000
0666   0418 02a044
0666   041a 045044
0666   041c 052045
0666   041e 043
0667   041f 1cf026           432 LBL 38
0668   0421 1a609c           433 TIME
0669   0423 191028           434 STO 40
0670   0425 190016           435 RCL 22
0671   0427 14a              436 HMS-
0672   0428 16d              437 HR
0673   0429 127              438 RCL 07
0674   042a 142              439 *
0675   042b 16e              440 RND
0676   042c 19102e           441 STO 46
0677   042e 190014           442 RCL 20
0678   0430 191029           443 STO 41
0679   0432 190015           444 RCL 21
0680   0434 19102a           445 STO 42
0681   0436 123              446 RCL 03
0682   0437 19102d           447 STO 45
0683   0439 190028           448 RCL 40
0684   043b 191016           449 STO 22
0685   043d 1e004c           450 XEQ 76
0685   043f 04c
0686   0440 19002b           451 RCL 43
0687   0442 191014           452 STO 20
0688   0444 19002c           453 RCL 44
0689   0446 191015           454 STO 21
0690   0448 185              455 RTN
0694   0449 1c8007           456 LBL "VOR1B1"
0694   044b 0f7000
0694   044d 05604f
0694   044f 052031
0694   0451 042031
0695   0453 1a609c           457 TIME
0696   0455 19101c           458 STO 28
0697   0457 19101d           459 STO 29
0698   0459 1f7056           460 "VOR ID?"
0698   045b 04f052
0698   045d 020049
0698   045f 04403f
0699   0461 17e              461 AVIEW
0700   0462 187              462 CLA
0701   0463 18c              463 AON
0702   0464 184              464 STOP
0703   0465 18b              465 AOFF
0704   0466 19a019           466 ASTO 25
0705   0468 1e00e7           467 XEQ b
0705   046a 0fc
0706   046b 19101a           468 STO 26
0707   046d 1a8001           469 SF 01
0708   046f 185              470 RTN
0712   0470 1c8005           471 LBL "VOR1B2"
0712   0472 0f7000
0712   0474 05604f
0712   0476 052031
0712   0478 042032
0713   047a 1a609c           472 TIME
0714   047c 19101d           473 STO 29
0715   047e 1ad001           474 FC? 01
0716   0480 1d0049           475 GTO 80
0716   0482 0d0
0717   0483 1e00cc           476 XEQ b
0717   0485 0fc
0718   0486 19102d           477 STO 45
0719   0488 1e00bc           478 XEQ a
0719   048a 0fb
0720   048b 19101b           479 STO 27
0721   048d 19001d           480 RCL 29
0722   048f 19001c           481 RCL 28
0723   0491 14a              482 HMS-
0724   0492 16d              483 HR
0725   0493 127              484 RCL 07
0726   0494 142              485 *
0727   0495 123              486 RCL 03
0728   0496 124              487 RCL 04
0729   0497 140              488 +
0730   0498 19001a           489 RCL 26
0731   049a 1e00aa           490 XEQ a
0731   049c 0fb
0732   049d 141              491 -
0733   049e 159              492 SIN
0734   049f 142              493 *
0735   04a0 19001a           494 RCL 26
0736   04a2 19001b           495 RCL 27
0737   04a4 141              496 -
0738   04a5 159              497 SIN
0739   04a6 143              498 /
0740   04a7 161              499 ABS
0741   04a8 19102e           500 STO 46
0742   04aa 1f2044           501 "D="
0742   04ac 03d
0743   04ad 19b073           502 ARCL X
0744   04af 17e              503 AVIEW
0745   04b0 187              504 CLA
0746   04b1 19b019           505 ARCL 25
0747   04b3 191018           506 STO 24
0748   04b5 110              507 0
0749   04b6 1a606b           508 SEEKPTA
0750   04b8 114011           509 41.042
0750   04ba 01a010
0750   04bc 014012
0751   04be 1a6055           510 GETRX
0752   04c0 1e00cf           511 XEQ 76
0752   04c2 04c
0753   04c3 1e006c           512 XEQ 65
0753   04c5 0c1
0754   04c6 1e30e9           513 XEQ 86
0754   04c8 056
0755   04c9 185              514 RTN
0756   04ca 1cf050           515 LBL 80
0757   04cc 185              516 RTN
0761   04cd 1c400d           517 LBL "VOR2B1"
0761   04cf 0f7000
0761   04d1 05604f
0761   04d3 052032
0761   04d5 042031
0762   04d7 1f7056           518 "VOR ID?"
0762   04d9 04f052
0762   04db 020049
0762   04dd 04403f
0763   04df 17e              519 AVIEW
0764   04e0 187              520 CLA
0765   04e1 18c              521 AON
0766   04e2 184              522 STOP
0767   04e3 18b              523 AOFF
0768   04e4 19a01e           524 ASTO 30
0769   04e6 110              525 0
0770   04e7 1a606b           526 SEEKPTA
0771   04e9 114013           527 43.044
0771   04eb 01a010
0771   04ed 014014
0772   04ef 1a6055           528 GETRX
0773   04f1 1e005e           529 XEQ b
0773   04f3 0fc
0774   04f4 19101f           530 STO 31
0775   04f6 187              531 CLA
0776   04f7 19b019           532 ARCL 25
0777   04f9 110              533 0
0778   04fa 1a606b           534 SEEKPTA
0779   04fc 114011           535 41.042
0779   04fe 01a010
0779   0500 014012
0780   0502 1a6055           536 GETRX
0781   0504 1e106c           537 XEQ 74
0781   0506 04a
0782   0507 19001f           538 RCL 31
0783   0509 19002d           539 RCL 45
0784   050b 141              540 -
0785   050c 159              541 SIN
0786   050d 19002e           542 RCL 46
0787   050f 142              543 *
0788   0510 19001f           544 RCL 31
0789   0512 19001a           545 RCL 26
0790   0514 19102d           546 STO 45
0791   0516 141              547 -
0792   0517 159              548 SIN
0793   0518 143              549 /
0794   0519 161              550 ABS
0795   051a 19102e           551 STO 46
0796   051c 1f2044           552 "D="
0796   051e 03d
0797   051f 19b073           553 ARCL X
0798   0521 17e              554 AVIEW
0799   0522 19001a           555 RCL 26
0800   0524 19102d           556 STO 45
0801   0526 1e1035           557 XEQ 76
0801   0528 04c
0802   0529 1e0006           558 XEQ 65
0802   052b 0c1
0803   052c 1e404f           559 XEQ 86
0803   052e 056
0804   052f 185              560 RTN
0805   0530 1cf041           561 LBL 65
0806   0532 19002b           562 RCL 43
0807   0534 191011           563 STO 17
0808   0536 191014           564 STO 20
0809   0538 19002c           565 RCL 44
0810   053a 191012           566 STO 18
0811   053c 191015           567 STO 21
0812   053e 19001d           568 RCL 29
0813   0540 191016           569 STO 22
0814   0542 191017           570 STO 23
0815   0544 185              571 RTN
0816   0545 1cf07b           572 LBL a
0817   0547 111018           573 180
0817   0549 010
0818   054a 140              574 +
0819   054b 113016           575 360
0819   054d 010
0820   054e 14b              576 MOD
0821   054f 185              577 RTN
0822   0550 1cf07c           578 LBL b
0823   0552 1fa042           579 "BRNG FROM?"
0823   0554 05204e
0823   0556 047020
0823   0558 046052
0823   055a 04f04d
0823   055c 03f
0824   055d 18e              580 PROMPT
0825   055e 185              581 RTN
0829   055f 1cc014           582 LBL "*CLSEST"
0829   0561 0f8000
0829   0563 02a043
0829   0565 04c053
0829   0567 045053
0829   0569 054
0830   056a 1cf03c           583 LBL 60
0831   056c 110              584 0
0832   056d 19102f           585 STO 47
0833   056f 111010           586 1000
0833   0571 010010
0834   0573 191027           587 STO 39
0835   0575 190014           588 RCL 20
0836   0577 191029           589 STO 41
0837   0579 190015           590 RCL 21
0838   057b 19102a           591 STO 42
0839   057d 1a9019           592 CF 25
0840   057f 1cf03d           593 LBL 61
0841   0581 1f6057           594 "WAYPTS"
0841   0583 041059
0841   0585 050054
0841   0587 053
0842   0588 19002f           595 RCL 47
0843   058a 1a606b           596 SEEKPTA
0844   058c 175              597 RDN
0845   058d 1a8019           598 SF 25
0846   058f 1cf052           599 LBL 82
0847   0591 1a6054           600 GETREC
0848   0593 1ad019           601 FC? 25
0849   0595 1d002d           602 GTO 84
0849   0597 0d4
0850   0598 19a01e           603 ASTO 30
0851   059a 110              604 0
0852   059b 1a606b           605 SEEKPTA
0853   059d 114013           606 43.044
0853   059f 01a010
0853   05a1 014014
0854   05a3 1a6055           607 GETRX
0855   05a5 1e200d           608 XEQ 74
0855   05a7 04a
0856   05a8 190027           609 RCL 39
0857   05aa 19002e           610 RCL 46
0858   05ac 145              611 X>Y?
0859   05ad 1d000d           612 GTO 83
0859   05af 0d3
0860   05b0 191027           613 STO 39
0861   05b2 19002d           614 RCL 45
0862   05b4 191026           615 STO 38
0863   05b6 187              616 CLA
0864   05b7 19b01e           617 ARCL 30
0865   05b9 19a025           618 ASTO 37
0866   05bb 1cf053           619 LBL 83
0867   05bd 111              620 1
0868   05be 19202f           621 ST+ 47
0869   05c0 1d0042           622 GTO 61
0869   05c2 03d
0870   05c3 1cf054           623 LBL 84
0871   05c5 185              624 RTN
0875   05c6 1ca00e           625 LBL "*MAGVAR"
0875   05c8 0f8000
0875   05ca 02a04d
0875   05cc 041047
0875   05ce 056041
0875   05d0 052
0876   05d1 1cf046           626 LBL 70
0877   05d3 1f604d           627 "MAGVAR"
0877   05d5 041047
0877   05d7 056041
0877   05d9 052
0878   05da 110              628 0
0879   05db 1a606b           629 SEEKPTA
0880   05dd 113018           630 38.047
0880   05df 01a010
0880   05e1 014017
0881   05e3 1a6055           631 GETRX
0882   05e5 190026           632 RCL 38
0883   05e7 190014           633 RCL 20
0884   05e9 190027           634 RCL 39
0885   05eb 142              635 *
0886   05ec 140              636 +
0887   05ed 190014           637 RCL 20
0888   05ef 151              638 X^2
0889   05f0 190028           639 RCL 40
0890   05f2 142              640 *
0891   05f3 140              641 +
0892   05f4 190014           642 RCL 20
0893   05f6 113              643 3
0894   05f7 153              644 Y^X
0895   05f8 190029           645 RCL 41
0896   05fa 142              646 *
0897   05fb 140              647 +
0898   05fc 190015           648 RCL 21
0899   05fe 19002a           649 RCL 42
0900   0600 142              650 *
0901   0601 140              651 +
0902   0602 190014           652 RCL 20
0903   0604 190015           653 RCL 21
0904   0606 142              654 *
0905   0607 19002b           655 RCL 43
0906   0609 142              656 *
0907   060a 140              657 +
0908   060b 190014           658 RCL 20
0909   060d 151              659 X^2
0910   060e 190015           660 RCL 21
0911   0610 142              661 *
0912   0611 19002c           662 RCL 44
0913   0613 142              663 *
0914   0614 140              664 +
0915   0615 190015           665 RCL 21
0916   0617 151              666 X^2
0917   0618 19002d           667 RCL 45
0918   061a 142              668 *
0919   061b 140              669 +
0920   061c 190014           670 RCL 20
0921   061e 190015           671 RCL 21
0922   0620 151              672 X^2
0923   0621 142              673 *
0924   0622 19002e           674 RCL 46
0925   0624 142              675 *
0926   0625 140              676 +
0927   0626 190015           677 RCL 21
0928   0628 113              678 3
0929   0629 153              679 Y^X
0930   062a 19002f           680 RCL 47
0931   062c 142              681 *
0932   062d 140              682 +
0933   062e 13d              683 STO 13
0934   062f 185              684 RTN
0938   0630 1c200f           685 LBL "*DENALT"
0938   0632 0f8000
0938   0634 02a044
0938   0636 04504e
0938   0638 04104c
0938   063a 054
0939   063b 1cf03e           686 LBL 62
0940   063d 1ac002           687 FS? 02
0941   063f 1d0069           688 GTO 63
0941   0641 0bf
0942   0642 12c              689 RCL 12
0943   0643 191010           690 STO 16
0944   0645 19c002           691 FIX 02
0945   0647 12b              692 RCL 11
0946   0648 112019           693 29.92126
0946   064a 01a019
0946   064c 012011
0946   064e 012016
0947   0650 143              694 /
0948   0651 11a011           695 .190261
0948   0653 019010
0948   0655 012016
0948   0657 011
0949   0658 153              696 Y^X
0950   0659 154              697 CHS
0951   065a 111              698 1
0952   065b 140              699 +
0953   065c 111014           700 145442.2
0953   065e 015014
0953   0660 014012
0953   0662 01a012
0954   0664 142              701 *
0955   0665 12c              702 RCL 12
0956   0666 140              703 +
0957   0667 191028           704 STO 40
0958   0669 12a              705 RCL 10
0959   066a 112017           706 273.15
0959   066c 01301a
0959   066e 011015
0960   0670 140              707 +
0961   0671 191029           708 STO 41
0962   0673 112018           709 288.15
0962   0675 01801a
0962   0677 011015
0962   0679 100                  NULL
0963   067a 11a010           710 .0019812
0963   067c 010011
0963   067e 019018
0963   0680 011012
0964   0682 129              711 RCL 09
0965   0683 142              712 *
0966   0684 141              713 -
0967   0685 19102a           714 STO 42
0968   0687 190029           715 RCL 41
0969   0689 143              716 /
0970   068a 11a010           717 .0234969
0970   068c 012013
0970   068e 014019
0970   0690 016019
0971   0692 153              718 Y^X
0972   0693 154              719 CHS
0973   0694 111              720 1
0974   0695 140              721 +
0975   0696 19002a           722 RCL 42
0976   0698 142              723 *
0977   0699 11a010           724 .0019812
0977   069b 010011
0977   069d 019018
0977   069f 011012
0978   06a1 143              725 /
0979   06a2 190028           726 RCL 40
0980   06a4 140              727 +
0981   06a5 191010           728 STO 16
0982   06a7 1a8002           729 SF 02
0983   06a9 1cf03f           730 LBL 63
0984   06ab 185              731 RTN
0988   06ac 1ca011           732 LBL "*SPEEDS"
0988   06ae 0f8000
0988   06b0 02a053
0988   06b2 050045
0988   06b4 045044
0988   06b6 053
0989   06b7 1cf02a           733 LBL 42
0990   06b9 19c000           734 FIX 00
0991   06bb 190010           735 RCL 16
0992   06bd 11601a           736 6.8755856 E-6
0992   06bf 018017
0992   06c1 015015
0992   06c3 018015
0992   06c5 01601b
0992   06c7 01c016
0993   06c9 142              737 *
0994   06ca 154              738 CHS
0995   06cb 111              739 1
0996   06cc 140              740 +
0997   06cd 11201a           741 2.127940
0997   06cf 011012
0997   06d1 017019
0997   06d3 014010
0998   06d5 153              742 Y^X
0999   06d6 160              743 1/X
1000   06d7 129              744 RCL 09
1001   06d8 142              745 *
1002   06d9 138              746 STO 08
1003   06da 1ac005           747 FS? 05
1004   06dc 1d0020           748 GTO 92
1004   06de 0dc
1005   06df 123              749 RCL 03
1006   06e0 128              750 RCL 08
1007   06e1 14e              751 P-R
1008   06e2 12e              752 RCL 14
1009   06e3 1e109f           753 XEQ a
1009   06e5 07b
1010   06e6 12f              754 RCL 15
1011   06e7 14e              755 P-R
1012   06e8 171              756 X<>Y
1013   06e9 175              757 RDN
1014   06ea 140              758 +
1015   06eb 175              759 RDN
1016   06ec 140              760 +
1017   06ed 174              761 R^
1018   06ee 14f              762 R-P
1019   06ef 137              763 STO 07
1020   06f0 175              764 RDN
1021   06f1 123              765 RCL 03
1022   06f2 141              766 -
1023   06f3 154              767 CHS
1024   06f4 123              768 RCL 03
1025   06f5 140              769 +
1026   06f6 12d              770 RCL 13
1027   06f7 140              771 +
1028   06f8 113016           772 360
1028   06fa 010
1029   06fb 14b              773 MOD
1030   06fc 134              774 STO 04
1031   06fd 1cf05c           775 LBL 92
1032   06ff 185              776 RTN
1036   0700 1c000c           777 LBL "ACTWND"
1036   0702 0f7000
1036   0704 041043
1036   0706 054057
1036   0708 04e044
1037   070a 1f704d           778 "MAG HD?"
1037   070c 041047
1037   070e 020048
1037   0710 04403f
1038   0712 18e              779 PROMPT
1039   0713 12d              780 RCL 13
1040   0714 141              781 -
1041   0715 128              782 RCL 08
1042   0716 14e              783 P-R
1043   0717 1f9043           784 "CRS MADE?"
1043   0719 052053
1043   071b 02004d
1043   071d 041044
1043   071f 04503f
1044   0721 18e              785 PROMPT
1045   0722 127              786 RCL 07
1046   0723 14e              787 P-R
1047   0724 171              788 X<>Y
1048   0725 175              789 RDN
1049   0726 141              790 -
1050   0727 175              791 RDN
1051   0728 141              792 -
1052   0729 174              793 R^
1053   072a 14f              794 R-P
1054   072b 13f              795 STO 15
1055   072c 175              796 RDN
1056   072d 113016           797 360
1056   072f 010
1057   0730 14b              798 MOD
1058   0731 13e              799 STO 14
1059   0732 185              800 RTN
1063   0733 1c4007           801 LBL "ENDFLT"
1063   0735 0f7000
1063   0737 04504e
1063   0739 044046
1063   073b 04c054
1064   073d 1a60a1           802 CLRALMS
1065   073f 1ca001           803 END
1065   0741 22f
